#
# A fatal error has been detected by the Java Runtime Environment:
#
#  EXCEPTION_ACCESS_VIOLATION (0xc0000005) at pc=0x00007fff23fca5a8, pid=7608, tid=8304
#
# JRE version: Java(TM) SE Runtime Environment (16.0.1+9) (build 16.0.1+9-24)
# Java VM: Java HotSpot(TM) 64-Bit Server VM (16.0.1+9-24, mixed mode, sharing, tiered, compressed oops, compressed class ptrs, g1 gc, windows-amd64)
# Problematic frame:
# V  [jvm.dll+0x23a5a8]
#
# No core dump will be written. Minidumps are not enabled by default on client versions of Windows
#
# If you would like to submit a bug report, please visit:
#   https://bugreport.java.com/bugreport/crash.jsp
#

---------------  S U M M A R Y ------------

Command Line: -XX:+ShowCodeDetailsInExceptionMessages -agentlib:jdwp=transport=dt_socket,suspend=y,address=localhost:49764 -Dcom.sun.management.jmxremote -Dcom.sun.management.jmxremote.port=49763 -Dcom.sun.management.jmxremote.authenticate=false -Dcom.sun.management.jmxremote.ssl=false -Djava.rmi.server.hostname=localhost -Dspring.jmx.enabled=true -Dspring.application.admin.enabled=true -XX:TieredStopAtLevel=1 -Dspring.boot.project.name=GroceryLoginMS -javaagent:C:\Users\AnuragJha\Downloads\Softwares\sts-4.10.0.RELEASE\configuration\org.eclipse.osgi\254\0\.cp\lib\javaagent-shaded.jar -Dfile.encoding=UTF-8 com.my.spring.SpringIamApplication --spring.output.ansi.enabled=always

Host: Intel(R) Core(TM) i5-6300U CPU @ 2.40GHz, 4 cores, 7G,  Windows 10 , 64 bit Build 19041 (10.0.19041.928)
Time: Tue May  4 23:21:17 2021 India Standard Time elapsed time: 2080.943940 seconds (0d 0h 34m 40s)

---------------  T H R E A D  ---------------

Current thread (0x000001d87a5d59f0):  GCTaskThread "GC Thread#1" [stack: 0x000000c941f00000,0x000000c942000000] [id=8304]

Stack: [0x000000c941f00000,0x000000c942000000],  sp=0x000000c941ffd9a8,  free space=1014k
Native frames: (J=compiled Java code, j=interpreted, Vv=VM code, C=native code)
V  [jvm.dll+0x23a5a8]

JavaThread 0x000001d87da54040 (nid = 2436) was being processed
Java frames: (J=compiled Java code, j=interpreted, Vv=VM code)
j  com.my.spring.controller.IController.postOrder(Lcom/my/spring/entity/OrderEntity;)V+114
v  ~StubRoutines::call_stub
J 2687  jdk.internal.reflect.NativeMethodAccessorImpl.invoke0(Ljava/lang/reflect/Method;Ljava/lang/Object;[Ljava/lang/Object;)Ljava/lang/Object; java.base@16.0.1 (0 bytes) @ 0x000001d863c18bcf [0x000001d863c18b40+0x000000000000008f]
J 2686 c1 jdk.internal.reflect.NativeMethodAccessorImpl.invoke(Ljava/lang/Object;[Ljava/lang/Object;)Ljava/lang/Object; java.base@16.0.1 (150 bytes) @ 0x000001d863c19434 [0x000001d863c190a0+0x0000000000000394]
J 2657 c1 jdk.internal.reflect.DelegatingMethodAccessorImpl.invoke(Ljava/lang/Object;[Ljava/lang/Object;)Ljava/lang/Object; java.base@16.0.1 (10 bytes) @ 0x000001d863c07a1c [0x000001d863c079c0+0x000000000000005c]
J 2669 c1 java.lang.reflect.Method.invoke(Ljava/lang/Object;[Ljava/lang/Object;)Ljava/lang/Object; java.base@16.0.1 (65 bytes) @ 0x000001d863c0b40c [0x000001d863c0b2e0+0x000000000000012c]
j  org.springframework.web.method.support.InvocableHandlerMethod.doInvoke([Ljava/lang/Object;)Ljava/lang/Object;+32
j  org.springframework.web.method.support.InvocableHandlerMethod.invokeForRequest(Lorg/springframework/web/context/request/NativeWebRequest;Lorg/springframework/web/method/support/ModelAndViewContainer;[Ljava/lang/Object;)Ljava/lang/Object;+54
j  org.springframework.web.servlet.mvc.method.annotation.ServletInvocableHandlerMethod.invokeAndHandle(Lorg/springframework/web/context/request/ServletWebRequest;Lorg/springframework/web/method/support/ModelAndViewContainer;[Ljava/lang/Object;)V+4
j  org.springframework.web.servlet.mvc.method.annotation.RequestMappingHandlerAdapter.invokeHandlerMethod(Ljavax/servlet/http/HttpServletRequest;Ljavax/servlet/http/HttpServletResponse;Lorg/springframework/web/method/HandlerMethod;)Lorg/springframework/web/servlet/ModelAndView;+244
j  org.springframework.web.servlet.mvc.method.annotation.RequestMappingHandlerAdapter.handleInternal(Ljavax/servlet/http/HttpServletRequest;Ljavax/servlet/http/HttpServletResponse;Lorg/springframework/web/method/HandlerMethod;)Lorg/springframework/web/servlet/ModelAndView;+81
j  org.springframework.web.servlet.mvc.method.AbstractHandlerMethodAdapter.handle(Ljavax/servlet/http/HttpServletRequest;Ljavax/servlet/http/HttpServletResponse;Ljava/lang/Object;)Lorg/springframework/web/servlet/ModelAndView;+7
j  org.springframework.web.servlet.DispatcherServlet.doDispatch(Ljavax/servlet/http/HttpServletRequest;Ljavax/servlet/http/HttpServletResponse;)V+257
j  org.springframework.web.servlet.DispatcherServlet.doService(Ljavax/servlet/http/HttpServletRequest;Ljavax/servlet/http/HttpServletResponse;)V+241
j  org.springframework.web.servlet.FrameworkServlet.processRequest(Ljavax/servlet/http/HttpServletRequest;Ljavax/servlet/http/HttpServletResponse;)V+71
j  org.springframework.web.servlet.FrameworkServlet.doPost(Ljavax/servlet/http/HttpServletRequest;Ljavax/servlet/http/HttpServletResponse;)V+3
j  javax.servlet.http.HttpServlet.service(Ljavax/servlet/http/HttpServletRequest;Ljavax/servlet/http/HttpServletResponse;)V+149
j  org.springframework.web.servlet.FrameworkServlet.service(Ljavax/servlet/http/HttpServletRequest;Ljavax/servlet/http/HttpServletResponse;)V+33
j  javax.servlet.http.HttpServlet.service(Ljavax/servlet/ServletRequest;Ljavax/servlet/ServletResponse;)V+36
J 6905 c1 org.apache.catalina.core.ApplicationFilterChain.internalDoFilter(Ljavax/servlet/ServletRequest;Ljavax/servlet/ServletResponse;)V (388 bytes) @ 0x000001d8643dac5c [0x000001d8643daa20+0x000000000000023c]
J 6904 c1 org.apache.catalina.core.ApplicationFilterChain.doFilter(Ljavax/servlet/ServletRequest;Ljavax/servlet/ServletResponse;)V (103 bytes) @ 0x000001d8643da574 [0x000001d8643da520+0x0000000000000054]
j  org.apache.tomcat.websocket.server.WsFilter.doFilter(Ljavax/servlet/ServletRequest;Ljavax/servlet/ServletResponse;Ljavax/servlet/FilterChain;)V+21
J 6905 c1 org.apache.catalina.core.ApplicationFilterChain.internalDoFilter(Ljavax/servlet/ServletRequest;Ljavax/servlet/ServletResponse;)V (388 bytes) @ 0x000001d8643dae6c [0x000001d8643daa20+0x000000000000044c]
J 6904 c1 org.apache.catalina.core.ApplicationFilterChain.doFilter(Ljavax/servlet/ServletRequest;Ljavax/servlet/ServletResponse;)V (103 bytes) @ 0x000001d8643da574 [0x000001d8643da520+0x0000000000000054]
j  org.springframework.web.servlet.resource.ResourceUrlEncodingFilter.doFilter(Ljavax/servlet/ServletRequest;Ljavax/servlet/ServletResponse;Ljavax/servlet/FilterChain;)V+57
J 6905 c1 org.apache.catalina.core.ApplicationFilterChain.internalDoFilter(Ljavax/servlet/ServletRequest;Ljavax/servlet/ServletResponse;)V (388 bytes) @ 0x000001d8643dae6c [0x000001d8643daa20+0x000000000000044c]
J 6904 c1 org.apache.catalina.core.ApplicationFilterChain.doFilter(Ljavax/servlet/ServletRequest;Ljavax/servlet/ServletResponse;)V (103 bytes) @ 0x000001d8643da574 [0x000001d8643da520+0x0000000000000054]
J 6559 c1 org.springframework.security.web.FilterChainProxy$VirtualFilterChain.doFilter(Ljavax/servlet/ServletRequest;Ljavax/servlet/ServletResponse;)V (142 bytes) @ 0x000001d864345eac [0x000001d864345840+0x000000000000066c]
j  org.springframework.security.web.access.intercept.FilterSecurityInterceptor.invoke(Lorg/springframework/security/web/FilterInvocation;)V+79
j  org.springframework.security.web.access.intercept.FilterSecurityInterceptor.doFilter(Ljavax/servlet/ServletRequest;Ljavax/servlet/ServletResponse;Ljavax/servlet/FilterChain;)V+11
J 6559 c1 org.springframework.security.web.FilterChainProxy$VirtualFilterChain.doFilter(Ljavax/servlet/ServletRequest;Ljavax/servlet/ServletResponse;)V (142 bytes) @ 0x000001d864345e04 [0x000001d864345840+0x00000000000005c4]
j  org.springframework.security.web.access.ExceptionTranslationFilter.doFilter(Ljavax/servlet/http/HttpServletRequest;Ljavax/servlet/http/HttpServletResponse;Ljavax/servlet/FilterChain;)V+3
j  org.springframework.security.web.access.ExceptionTranslationFilter.doFilter(Ljavax/servlet/ServletRequest;Ljavax/servlet/ServletResponse;Ljavax/servlet/FilterChain;)V+10
J 6559 c1 org.springframework.security.web.FilterChainProxy$VirtualFilterChain.doFilter(Ljavax/servlet/ServletRequest;Ljavax/servlet/ServletResponse;)V (142 bytes) @ 0x000001d864345e04 [0x000001d864345840+0x00000000000005c4]
j  org.springframework.security.web.session.SessionManagementFilter.doFilter(Ljavax/servlet/http/HttpServletRequest;Ljavax/servlet/http/HttpServletResponse;Ljavax/servlet/FilterChain;)V+210
j  org.springframework.security.web.session.SessionManagementFilter.doFilter(Ljavax/servlet/ServletRequest;Ljavax/servlet/ServletResponse;Ljavax/servlet/FilterChain;)V+10
J 6559 c1 org.springframework.security.web.FilterChainProxy$VirtualFilterChain.doFilter(Ljavax/servlet/ServletRequest;Ljavax/servlet/ServletResponse;)V (142 bytes) @ 0x000001d864345e04 [0x000001d864345840+0x00000000000005c4]
j  org.springframework.security.oauth2.client.web.OAuth2AuthorizationCodeGrantFilter.doFilterInternal(Ljavax/servlet/http/HttpServletRequest;Ljavax/servlet/http/HttpServletResponse;Ljavax/servlet/FilterChain;)V+18
J 7058 c1 org.springframework.web.filter.OncePerRequestFilter.doFilter(Ljavax/servlet/ServletRequest;Ljavax/servlet/ServletResponse;Ljavax/servlet/FilterChain;)V (175 bytes) @ 0x000001d864421d0c [0x000001d8644219a0+0x000000000000036c]
J 6559 c1 org.springframework.security.web.FilterChainProxy$VirtualFilterChain.doFilter(Ljavax/servlet/ServletRequest;Ljavax/servlet/ServletResponse;)V (142 bytes) @ 0x000001d864345e04 [0x000001d864345840+0x00000000000005c4]
j  org.springframework.security.web.authentication.AnonymousAuthenticationFilter.doFilter(Ljavax/servlet/ServletRequest;Ljavax/servlet/ServletResponse;Ljavax/servlet/FilterChain;)V+105
J 6559 c1 org.springframework.security.web.FilterChainProxy$VirtualFilterChain.doFilter(Ljavax/servlet/ServletRequest;Ljavax/servlet/ServletResponse;)V (142 bytes) @ 0x000001d864345e04 [0x000001d864345840+0x00000000000005c4]
j  org.springframework.security.web.servletapi.SecurityContextHolderAwareRequestFilter.doFilter(Ljavax/servlet/ServletRequest;Ljavax/servlet/ServletResponse;Ljavax/servlet/FilterChain;)V+19
J 6559 c1 org.springframework.security.web.FilterChainProxy$VirtualFilterChain.doFilter(Ljavax/servlet/ServletRequest;Ljavax/servlet/ServletResponse;)V (142 bytes) @ 0x000001d864345e04 [0x000001d864345840+0x00000000000005c4]
j  org.springframework.security.web.savedrequest.RequestCacheAwareFilter.doFilter(Ljavax/servlet/ServletRequest;Ljavax/servlet/ServletResponse;Ljavax/servlet/FilterChain;)V+32
J 6559 c1 org.springframework.security.web.FilterChainProxy$VirtualFilterChain.doFilter(Ljavax/servlet/ServletRequest;Ljavax/servlet/ServletResponse;)V (142 bytes) @ 0x000001d864345e04 [0x000001d864345840+0x00000000000005c4]
j  org.springframework.security.web.authentication.AbstractAuthenticationProcessingFilter.doFilter(Ljavax/servlet/http/HttpServletRequest;Ljavax/servlet/http/HttpServletResponse;Ljavax/servlet/FilterChain;)V+12
j  org.springframework.security.web.authentication.AbstractAuthenticationProcessingFilter.doFilter(Ljavax/servlet/ServletRequest;Ljavax/servlet/ServletResponse;Ljavax/servlet/FilterChain;)V+10
J 6559 c1 org.springframework.security.web.FilterChainProxy$VirtualFilterChain.doFilter(Ljavax/servlet/ServletRequest;Ljavax/servlet/ServletResponse;)V (142 bytes) @ 0x000001d864345e04 [0x000001d864345840+0x00000000000005c4]
j  org.springframework.security.oauth2.client.web.OAuth2AuthorizationRequestRedirectFilter.doFilterInternal(Ljavax/servlet/http/HttpServletRequest;Ljavax/servlet/http/HttpServletResponse;Ljavax/servlet/FilterChain;)V+43
J 7058 c1 org.springframework.web.filter.OncePerRequestFilter.doFilter(Ljavax/servlet/ServletRequest;Ljavax/servlet/ServletResponse;Ljavax/servlet/FilterChain;)V (175 bytes) @ 0x000001d864421d0c [0x000001d8644219a0+0x000000000000036c]
J 6559 c1 org.springframework.security.web.FilterChainProxy$VirtualFilterChain.doFilter(Ljavax/servlet/ServletRequest;Ljavax/servlet/ServletResponse;)V (142 bytes) @ 0x000001d864345e04 [0x000001d864345840+0x00000000000005c4]
j  org.springframework.security.oauth2.client.web.OAuth2AuthorizationRequestRedirectFilter.doFilterInternal(Ljavax/servlet/http/HttpServletRequest;Ljavax/servlet/http/HttpServletResponse;Ljavax/servlet/FilterChain;)V+43
J 7058 c1 org.springframework.web.filter.OncePerRequestFilter.doFilter(Ljavax/servlet/ServletRequest;Ljavax/servlet/ServletResponse;Ljavax/servlet/FilterChain;)V (175 bytes) @ 0x000001d864421d0c [0x000001d8644219a0+0x000000000000036c]
J 6559 c1 org.springframework.security.web.FilterChainProxy$VirtualFilterChain.doFilter(Ljavax/servlet/ServletRequest;Ljavax/servlet/ServletResponse;)V (142 bytes) @ 0x000001d864345e04 [0x000001d864345840+0x00000000000005c4]
j  org.springframework.security.web.authentication.logout.LogoutFilter.doFilter(Ljavax/servlet/http/HttpServletRequest;Ljavax/servlet/http/HttpServletResponse;Ljavax/servlet/FilterChain;)V+77
j  org.springframework.security.web.authentication.logout.LogoutFilter.doFilter(Ljavax/servlet/ServletRequest;Ljavax/servlet/ServletResponse;Ljavax/servlet/FilterChain;)V+10
J 6559 c1 org.springframework.security.web.FilterChainProxy$VirtualFilterChain.doFilter(Ljavax/servlet/ServletRequest;Ljavax/servlet/ServletResponse;)V (142 bytes) @ 0x000001d864345e04 [0x000001d864345840+0x00000000000005c4]
j  org.springframework.security.web.csrf.CsrfFilter.doFilterInternal(Ljavax/servlet/http/HttpServletRequest;Ljavax/servlet/http/HttpServletResponse;Ljavax/servlet/FilterChain;)V+153
J 7058 c1 org.springframework.web.filter.OncePerRequestFilter.doFilter(Ljavax/servlet/ServletRequest;Ljavax/servlet/ServletResponse;Ljavax/servlet/FilterChain;)V (175 bytes) @ 0x000001d864421d0c [0x000001d8644219a0+0x000000000000036c]
J 6559 c1 org.springframework.security.web.FilterChainProxy$VirtualFilterChain.doFilter(Ljavax/servlet/ServletRequest;Ljavax/servlet/ServletResponse;)V (142 bytes) @ 0x000001d864345e04 [0x000001d864345840+0x00000000000005c4]
j  org.springframework.security.web.header.HeaderWriterFilter.doHeadersAfter(Ljavax/servlet/http/HttpServletRequest;Ljavax/servlet/http/HttpServletResponse;Ljavax/servlet/FilterChain;)V+29
j  org.springframework.security.web.header.HeaderWriterFilter.doFilterInternal(Ljavax/servlet/http/HttpServletRequest;Ljavax/servlet/http/HttpServletResponse;Ljavax/servlet/FilterChain;)V+21
J 7058 c1 org.springframework.web.filter.OncePerRequestFilter.doFilter(Ljavax/servlet/ServletRequest;Ljavax/servlet/ServletResponse;Ljavax/servlet/FilterChain;)V (175 bytes) @ 0x000001d864421d0c [0x000001d8644219a0+0x000000000000036c]
J 6559 c1 org.springframework.security.web.FilterChainProxy$VirtualFilterChain.doFilter(Ljavax/servlet/ServletRequest;Ljavax/servlet/ServletResponse;)V (142 bytes) @ 0x000001d864345e04 [0x000001d864345840+0x00000000000005c4]
j  org.springframework.security.web.context.SecurityContextPersistenceFilter.doFilter(Ljavax/servlet/http/HttpServletRequest;Ljavax/servlet/http/HttpServletResponse;Ljavax/servlet/FilterChain;)V+181
j  org.springframework.security.web.context.SecurityContextPersistenceFilter.doFilter(Ljavax/servlet/ServletRequest;Ljavax/servlet/ServletResponse;Ljavax/servlet/FilterChain;)V+10
J 6559 c1 org.springframework.security.web.FilterChainProxy$VirtualFilterChain.doFilter(Ljavax/servlet/ServletRequest;Ljavax/servlet/ServletResponse;)V (142 bytes) @ 0x000001d864345e04 [0x000001d864345840+0x00000000000005c4]
j  org.springframework.security.web.context.request.async.WebAsyncManagerIntegrationFilter.doFilterInternal(Ljavax/servlet/http/HttpServletRequest;Ljavax/servlet/http/HttpServletResponse;Ljavax/servlet/FilterChain;)V+42
J 7058 c1 org.springframework.web.filter.OncePerRequestFilter.doFilter(Ljavax/servlet/ServletRequest;Ljavax/servlet/ServletResponse;Ljavax/servlet/FilterChain;)V (175 bytes) @ 0x000001d864421d0c [0x000001d8644219a0+0x000000000000036c]
J 6559 c1 org.springframework.security.web.FilterChainProxy$VirtualFilterChain.doFilter(Ljavax/servlet/ServletRequest;Ljavax/servlet/ServletResponse;)V (142 bytes) @ 0x000001d864345e04 [0x000001d864345840+0x00000000000005c4]
j  org.springframework.security.web.FilterChainProxy.doFilterInternal(Ljavax/servlet/ServletRequest;Ljavax/servlet/ServletResponse;Ljavax/servlet/FilterChain;)V+148
j  org.springframework.security.web.FilterChainProxy.doFilter(Ljavax/servlet/ServletRequest;Ljavax/servlet/ServletResponse;Ljavax/servlet/FilterChain;)V+48
j  org.springframework.web.filter.DelegatingFilterProxy.invokeDelegate(Ljavax/servlet/Filter;Ljavax/servlet/ServletRequest;Ljavax/servlet/ServletResponse;Ljavax/servlet/FilterChain;)V+5
j  org.springframework.web.filter.DelegatingFilterProxy.doFilter(Ljavax/servlet/ServletRequest;Ljavax/servlet/ServletResponse;Ljavax/servlet/FilterChain;)V+85
J 6905 c1 org.apache.catalina.core.ApplicationFilterChain.internalDoFilter(Ljavax/servlet/ServletRequest;Ljavax/servlet/ServletResponse;)V (388 bytes) @ 0x000001d8643dae6c [0x000001d8643daa20+0x000000000000044c]
J 6904 c1 org.apache.catalina.core.ApplicationFilterChain.doFilter(Ljavax/servlet/ServletRequest;Ljavax/servlet/ServletResponse;)V (103 bytes) @ 0x000001d8643da574 [0x000001d8643da520+0x0000000000000054]
j  org.springframework.web.filter.RequestContextFilter.doFilterInternal(Ljavax/servlet/http/HttpServletRequest;Ljavax/servlet/http/HttpServletResponse;Ljavax/servlet/FilterChain;)V+21
J 7058 c1 org.springframework.web.filter.OncePerRequestFilter.doFilter(Ljavax/servlet/ServletRequest;Ljavax/servlet/ServletResponse;Ljavax/servlet/FilterChain;)V (175 bytes) @ 0x000001d864421d0c [0x000001d8644219a0+0x000000000000036c]
J 6905 c1 org.apache.catalina.core.ApplicationFilterChain.internalDoFilter(Ljavax/servlet/ServletRequest;Ljavax/servlet/ServletResponse;)V (388 bytes) @ 0x000001d8643dae6c [0x000001d8643daa20+0x000000000000044c]
J 6904 c1 org.apache.catalina.core.ApplicationFilterChain.doFilter(Ljavax/servlet/ServletRequest;Ljavax/servlet/ServletResponse;)V (103 bytes) @ 0x000001d8643da574 [0x000001d8643da520+0x0000000000000054]
j  org.springframework.web.filter.FormContentFilter.doFilterInternal(Ljavax/servlet/http/HttpServletRequest;Ljavax/servlet/http/HttpServletResponse;Ljavax/servlet/FilterChain;)V+38
J 7058 c1 org.springframework.web.filter.OncePerRequestFilter.doFilter(Ljavax/servlet/ServletRequest;Ljavax/servlet/ServletResponse;Ljavax/servlet/FilterChain;)V (175 bytes) @ 0x000001d864421d0c [0x000001d8644219a0+0x000000000000036c]
J 6905 c1 org.apache.catalina.core.ApplicationFilterChain.internalDoFilter(Ljavax/servlet/ServletRequest;Ljavax/servlet/ServletResponse;)V (388 bytes) @ 0x000001d8643dae6c [0x000001d8643daa20+0x000000000000044c]
J 6904 c1 org.apache.catalina.core.ApplicationFilterChain.doFilter(Ljavax/servlet/ServletRequest;Ljavax/servlet/ServletResponse;)V (103 bytes) @ 0x000001d8643da574 [0x000001d8643da520+0x0000000000000054]
j  org.springframework.boot.actuate.metrics.web.servlet.WebMvcMetricsFilter.doFilterInternal(Ljavax/servlet/http/HttpServletRequest;Ljavax/servlet/http/HttpServletResponse;Ljavax/servlet/FilterChain;)V+21
J 7058 c1 org.springframework.web.filter.OncePerRequestFilter.doFilter(Ljavax/servlet/ServletRequest;Ljavax/servlet/ServletResponse;Ljavax/servlet/FilterChain;)V (175 bytes) @ 0x000001d864421d0c [0x000001d8644219a0+0x000000000000036c]
J 6905 c1 org.apache.catalina.core.ApplicationFilterChain.internalDoFilter(Ljavax/servlet/ServletRequest;Ljavax/servlet/ServletResponse;)V (388 bytes) @ 0x000001d8643dae6c [0x000001d8643daa20+0x000000000000044c]
J 6904 c1 org.apache.catalina.core.ApplicationFilterChain.doFilter(Ljavax/servlet/ServletRequest;Ljavax/servlet/ServletResponse;)V (103 bytes) @ 0x000001d8643da574 [0x000001d8643da520+0x0000000000000054]
j  org.springframework.web.filter.CharacterEncodingFilter.doFilterInternal(Ljavax/servlet/http/HttpServletRequest;Ljavax/servlet/http/HttpServletResponse;Ljavax/servlet/FilterChain;)V+53
J 7058 c1 org.springframework.web.filter.OncePerRequestFilter.doFilter(Ljavax/servlet/ServletRequest;Ljavax/servlet/ServletResponse;Ljavax/servlet/FilterChain;)V (175 bytes) @ 0x000001d864421d0c [0x000001d8644219a0+0x000000000000036c]
J 6905 c1 org.apache.catalina.core.ApplicationFilterChain.internalDoFilter(Ljavax/servlet/ServletRequest;Ljavax/servlet/ServletResponse;)V (388 bytes) @ 0x000001d8643dae6c [0x000001d8643daa20+0x000000000000044c]
J 6904 c1 org.apache.catalina.core.ApplicationFilterChain.doFilter(Ljavax/servlet/ServletRequest;Ljavax/servlet/ServletResponse;)V (103 bytes) @ 0x000001d8643da574 [0x000001d8643da520+0x0000000000000054]
j  org.apache.catalina.core.StandardWrapperValve.invoke(Lorg/apache/catalina/connector/Request;Lorg/apache/catalina/connector/Response;)V+694
j  org.apache.catalina.core.StandardContextValve.invoke(Lorg/apache/catalina/connector/Request;Lorg/apache/catalina/connector/Response;)V+169
j  org.apache.catalina.authenticator.AuthenticatorBase.invoke(Lorg/apache/catalina/connector/Request;Lorg/apache/catalina/connector/Response;)V+260
j  org.apache.catalina.core.StandardHostValve.invoke(Lorg/apache/catalina/connector/Request;Lorg/apache/catalina/connector/Response;)V+128
j  org.apache.catalina.valves.ErrorReportValve.invoke(Lorg/apache/catalina/connector/Request;Lorg/apache/catalina/connector/Response;)V+6
j  org.apache.catalina.core.StandardEngineValve.invoke(Lorg/apache/catalina/connector/Request;Lorg/apache/catalina/connector/Response;)V+59
j  org.apache.catalina.connector.CoyoteAdapter.service(Lorg/apache/coyote/Request;Lorg/apache/coyote/Response;)V+199
j  org.apache.coyote.http11.Http11Processor.service(Lorg/apache/tomcat/util/net/SocketWrapperBase;)Lorg/apache/tomcat/util/net/AbstractEndpoint$Handler$SocketState;+737
j  org.apache.coyote.AbstractProcessorLight.process(Lorg/apache/tomcat/util/net/SocketWrapperBase;Lorg/apache/tomcat/util/net/SocketEvent;)Lorg/apache/tomcat/util/net/AbstractEndpoint$Handler$SocketState;+170
j  org.apache.coyote.AbstractProtocol$ConnectionHandler.process(Lorg/apache/tomcat/util/net/SocketWrapperBase;Lorg/apache/tomcat/util/net/SocketEvent;)Lorg/apache/tomcat/util/net/AbstractEndpoint$Handler$SocketState;+505
j  org.apache.tomcat.util.net.NioEndpoint$SocketProcessor.doRun()V+216
j  org.apache.tomcat.util.net.SocketProcessorBase.run()V+21
J 8951 c1 java.util.concurrent.ThreadPoolExecutor.runWorker(Ljava/util/concurrent/ThreadPoolExecutor$Worker;)V java.base@16.0.1 (187 bytes) @ 0x000001d8647ebca4 [0x000001d8647eba00+0x00000000000002a4]
J 9322 c1 java.util.concurrent.ThreadPoolExecutor$Worker.run()V java.base@16.0.1 (9 bytes) @ 0x000001d864880f84 [0x000001d864880f40+0x0000000000000044]
j  org.apache.tomcat.util.threads.TaskThread$WrappingRunnable.run()V+4
J 8885 c1 java.lang.Thread.run()V java.base@16.0.1 (17 bytes) @ 0x000001d8647d3494 [0x000001d8647d3440+0x0000000000000054]
v  ~StubRoutines::call_stub

siginfo: EXCEPTION_ACCESS_VIOLATION (0xc0000005), reading address 0x000001d80166c020


Register to memory mapping:

RIP=0x00007fff23fca5a8 jvm.dll
RAX=0x000000000010e020 is an unknown value
RBX=0x000001d801536120 is pointing into metadata
RCX=0x000001d80155e000 is pointing into metadata
RDX=0x0000000000008700 is an unknown value
RSP=0x000000c941ffd9a8 points into unknown readable memory: 0x00007fff23fca62e | 2e a6 fc 23 ff 7f 00 00
RBP=0x000000c941ffdae0 points into unknown readable memory: 0xffffffffffffffff | ff ff ff ff ff ff ff ff
RSI=0x0000000000000001 is an unknown value
RDI=0x000000c941ffe0f0 points into unknown readable memory: 0x00007fff246c21e8 | e8 21 6c 24 ff 7f 00 00
R8 =0x0 is NULL
R9 =0x000001d801536120 is pointing into metadata
R10=0x000000c941ffe0f0 points into unknown readable memory: 0x00007fff246c21e8 | e8 21 6c 24 ff 7f 00 00
R11={method} {0x000001d801536eb8} 'postOrder' '(Lcom/my/spring/entity/OrderEntity;)V' in 'com/my/spring/controller/IController'
R12=0x00007fff23d90000 jvm.dll
R13=0x000001d87906afe0 points into unknown readable memory: 0x0000000000071100 | 00 11 07 00 00 00 00 00
R14=0x000001d801536de9 is pointing into metadata
R15=0x000000000000007b is an unknown value


Registers:
RAX=0x000000000010e020, RBX=0x000001d801536120, RCX=0x000001d80155e000, RDX=0x0000000000008700
RSP=0x000000c941ffd9a8, RBP=0x000000c941ffdae0, RSI=0x0000000000000001, RDI=0x000000c941ffe0f0
R8 =0x0000000000000000, R9 =0x000001d801536120, R10=0x000000c941ffe0f0, R11=0x000001d801536eb0
R12=0x00007fff23d90000, R13=0x000001d87906afe0, R14=0x000001d801536de9, R15=0x000000000000007b
RIP=0x00007fff23fca5a8, EFLAGS=0x0000000000010202

Top of Stack: (sp=0x000000c941ffd9a8)
0x000000c941ffd9a8:   00007fff23fca62e 000000c941ffda38
0x000000c941ffd9b8:   0000000000000000 0000000800410068
0x000000c941ffd9c8:   0000000000000000 000000c941ffdf60
0x000000c941ffd9d8:   00007fff240bd534 0000000000000001
0x000000c941ffd9e8:   0000000000000000 0000000800410068
0x000000c941ffd9f8:   000001d87906af00 ffffffffffffffff
0x000000c941ffda08:   00007fff240bd825 0000000800428130
0x000000c941ffda18:   000000000000000e 0000000000000000
0x000000c941ffda28:   000000c941ffda80 0000000000000003
0x000000c941ffda38:   0000000800428130 0000002700000026
0x000000c941ffda48:   0000000000000027 000000030000000e
0x000000c941ffda58:   0000000800410068 0000000000000000
0x000000c941ffda68:   0000000000000000 0000001500000014
0x000000c941ffda78:   0000000000000015 4fffffff4fffffff
0x000000c941ffda88:   000000084fffffff 0000000000000000
0x000000c941ffda98:   0000000000000000 000000c900000000 

Instructions: (pc=0x00007fff23fca5a8)
0x00007fff23fca4a8:   03 03 03 03 03 03 03 03 03 03 03 03 03 03 03 03
0x00007fff23fca4b8:   03 03 03 03 03 03 03 03 03 03 03 03 03 03 03 03
0x00007fff23fca4c8:   03 03 03 03 03 03 03 03 03 03 03 03 03 03 03 03
0x00007fff23fca4d8:   03 03 03 03 03 03 03 03 03 03 03 03 03 03 03 03
0x00007fff23fca4e8:   03 03 03 02 03 03 02 cc 48 89 5c 24 08 48 89 74
0x00007fff23fca4f8:   24 10 57 48 83 ec 20 48 63 da 41 0f b6 f0 48 8b
0x00007fff23fca508:   f9 85 d2 79 24 4c 8d 0d bc 92 69 00 ba b4 02 00
0x00007fff23fca518:   00 4c 8d 05 e8 92 69 00 48 8d 0d 51 92 69 00 e8
0x00007fff23fca528:   64 88 00 00 e8 0f de 42 00 40 84 f6 75 18 48 8b
0x00007fff23fca538:   4f 10 48 85 c9 74 0f 48 8d 43 01 48 c1 e0 05 48
0x00007fff23fca548:   8b 04 08 0f b7 d8 48 8b 74 24 38 48 63 c3 48 8b
0x00007fff23fca558:   5c 24 30 0f b7 44 c7 48 48 83 c4 20 5f c3 cc cc
0x00007fff23fca568:   cc cc cc cc cc cc cc cc 4c 8b c9 45 84 c0 75 41
0x00007fff23fca578:   48 8b 49 10 48 85 c9 74 38 85 d2 79 19 f7 d2 8b
0x00007fff23fca588:   c2 48 ff c0 48 c1 e0 05 48 8b 04 08 0f b7 c8 41
0x00007fff23fca598:   0f b7 44 c9 4a c3 48 63 c2 48 ff c0 48 c1 e0 05
0x00007fff23fca5a8:   48 8b 04 08 0f b7 d0 48 63 c2 41 0f b7 44 c1 4a
0x00007fff23fca5b8:   c3 49 8b 41 08 4c 63 c2 42 0f b6 44 00 04 8d 48
0x00007fff23fca5c8:   ef 80 f9 01 76 0e 3c 6a 74 0a 48 63 c2 41 0f b7
0x00007fff23fca5d8:   44 c1 4a c3 43 0f b7 44 c1 4a c3 cc cc cc cc cc
0x00007fff23fca5e8:   cc cc cc cc cc cc cc cc 40 53 48 83 ec 20 48 8b
0x00007fff23fca5f8:   d9 e8 72 ff ff ff 48 63 d0 0f b7 44 d3 48 48 8b
0x00007fff23fca608:   44 c3 48 48 83 c4 20 5b c3 cc cc cc cc cc cc cc
0x00007fff23fca618:   cc cc cc cc cc cc cc cc 40 53 48 83 ec 20 48 8b
0x00007fff23fca628:   d9 e8 42 ff ff ff 48 63 d0 0f b7 44 d3 4a 48 8b
0x00007fff23fca638:   44 c3 48 48 83 c4 20 5b c3 cc cc cc cc cc cc cc
0x00007fff23fca648:   cc cc cc cc cc cc cc cc 4c 8b d1 45 84 c9 75 28
0x00007fff23fca658:   4c 8b 49 10 4d 85 c9 74 1f 45 85 c0 79 08 41 f7
0x00007fff23fca668:   d0 41 8b c0 eb 03 49 63 c0 48 ff c0 48 c1 e0 05
0x00007fff23fca678:   4a 8b 04 08 44 0f b7 c0 49 8b 42 08 49 63 c8 0f
0x00007fff23fca688:   b6 4c 08 04 48 8b c2 88 0a c3 cc cc cc cc cc cc
0x00007fff23fca698:   cc cc cc cc cc cc cc cc 40 56 57 41 54 41 56 41 


Stack slot to memory mapping:
stack at sp + 0 slots: 0x00007fff23fca62e jvm.dll
stack at sp + 1 slots: 0x000000c941ffda38 points into unknown readable memory: 0x0000000800428130 | 30 81 42 00 08 00 00 00
stack at sp + 2 slots: 0x0 is NULL
stack at sp + 3 slots: 0x0000000800410068 is pointing into metadata
stack at sp + 4 slots: 0x0 is NULL
stack at sp + 5 slots: 0x000000c941ffdf60 points into unknown readable memory: 0x000001d801536eb0 | b0 6e 53 01 d8 01 00 00
stack at sp + 6 slots: 0x00007fff240bd534 jvm.dll
stack at sp + 7 slots: 0x0000000000000001 is an unknown value


---------------  P R O C E S S  ---------------

Threads class SMR info:
_java_thread_list=0x000001d800728da0, length=28, elements={
0x000001d87902a510, 0x000001d87902ba80, 0x000001d87903bba0, 0x000001d87903e5c0,
0x000001d87903eed0, 0x000001d87903f7e0, 0x000001d8790401a0, 0x000001d879075de0,
0x000001d879009880, 0x000001d879ca1c90, 0x000001d879cb9bc0, 0x000001d879cbe110,
0x000001d87a4d3750, 0x000001d87a5a79d0, 0x000001d87a61ce70, 0x000001d87a633210,
0x000001d87a9a8de0, 0x000001d87a9db7c0, 0x000001d87a9de790, 0x000001d87a9dece0,
0x000001d87da56020, 0x000001d87da53af0, 0x000001d87da54040, 0x000001d87da58ff0,
0x000001d87a9dc7b0, 0x000001d87a9ddcf0, 0x000001d87a9de240, 0x000001d87da57ab0
}

Java Threads: ( => current thread )
  0x000001d87902a510 JavaThread "Reference Handler" daemon [_thread_blocked, id=7024, stack(0x000000c941200000,0x000000c941300000)]
  0x000001d87902ba80 JavaThread "Finalizer" daemon [_thread_blocked, id=2548, stack(0x000000c941300000,0x000000c941400000)]
  0x000001d87903bba0 JavaThread "Signal Dispatcher" daemon [_thread_blocked, id=13036, stack(0x000000c941400000,0x000000c941500000)]
  0x000001d87903e5c0 JavaThread "Attach Listener" daemon [_thread_blocked, id=1420, stack(0x000000c941500000,0x000000c941600000)]
  0x000001d87903eed0 JavaThread "Service Thread" daemon [_thread_blocked, id=12532, stack(0x000000c941600000,0x000000c941700000)]
  0x000001d87903f7e0 JavaThread "Monitor Deflation Thread" daemon [_thread_blocked, id=8668, stack(0x000000c941700000,0x000000c941800000)]
  0x000001d8790401a0 JavaThread "C1 CompilerThread0" daemon [_thread_blocked, id=11500, stack(0x000000c941800000,0x000000c941900000)]
  0x000001d879075de0 JavaThread "Sweeper thread" daemon [_thread_blocked, id=15608, stack(0x000000c941900000,0x000000c941a00000)]
  0x000001d879009880 JavaThread "Common-Cleaner" daemon [_thread_blocked, id=2172, stack(0x000000c941a00000,0x000000c941b00000)]
  0x000001d879ca1c90 JavaThread "JDWP Transport Listener: dt_socket" daemon [_thread_blocked, id=18496, stack(0x000000c941b00000,0x000000c941c00000)]
  0x000001d879cb9bc0 JavaThread "JDWP Event Helper Thread" daemon [_thread_blocked, id=15860, stack(0x000000c941c00000,0x000000c941d00000)]
  0x000001d879cbe110 JavaThread "JDWP Command Reader" daemon [_thread_blocked, id=12676, stack(0x000000c941d00000,0x000000c941e00000)]
  0x000001d87a4d3750 JavaThread "Notification Thread" daemon [_thread_blocked, id=10600, stack(0x000000c941e00000,0x000000c941f00000)]
  0x000001d87a5a79d0 JavaThread "RMI TCP Accept-0" daemon [_thread_in_native, id=15664, stack(0x000000c942200000,0x000000c942300000)]
  0x000001d87a61ce70 JavaThread "RMI TCP Accept-49763" daemon [_thread_in_native, id=17964, stack(0x000000c942300000,0x000000c942400000)]
  0x000001d87a633210 JavaThread "RMI TCP Accept-0" daemon [_thread_in_native, id=15804, stack(0x000000c942400000,0x000000c942500000)]
  0x000001d87a9a8de0 JavaThread "RMI Scheduler(0)" daemon [_thread_blocked, id=13332, stack(0x000000c942700000,0x000000c942800000)]
  0x000001d87a9db7c0 JavaThread "JMX server connection timeout 24" daemon [_thread_blocked, id=7708, stack(0x000000c942900000,0x000000c942a00000)]
  0x000001d87a9de790 JavaThread "RMI TCP Connection(3)-127.0.0.1" daemon [_thread_in_native, id=11284, stack(0x000000c942c00000,0x000000c942d00000)]
  0x000001d87a9dece0 JavaThread "JMX server connection timeout 29" daemon [_thread_blocked, id=12136, stack(0x000000c942d00000,0x000000c942e00000)]
  0x000001d87da56020 JavaThread "Live Reload Server" daemon [_thread_in_native, id=9764, stack(0x000000c943400000,0x000000c943500000)]
  0x000001d87da53af0 JavaThread "DestroyJavaVM" [_thread_blocked, id=16720, stack(0x000000c940b00000,0x000000c940c00000)]
  0x000001d87da54040 JavaThread "http-nio-8081-exec-6" daemon [_thread_blocked, id=2436, stack(0x000000c943a00000,0x000000c943b00000)]
  0x000001d87da58ff0 JavaThread "RMI TCP Connection(61)-127.0.0.1" daemon [_thread_in_native, id=15588, stack(0x000000c944200000,0x000000c944300000)]
  0x000001d87a9dc7b0 JavaThread "RMI TCP Connection(idle)" daemon [_thread_blocked, id=18784, stack(0x000000c944100000,0x000000c944200000)]
  0x000001d87a9ddcf0 JavaThread "RMI TCP Connection(idle)" daemon [_thread_blocked, id=4128, stack(0x000000c944300000,0x000000c944400000)]
  0x000001d87a9de240 JavaThread "RMI TCP Connection(idle)" daemon [_thread_blocked, id=11852, stack(0x000000c944500000,0x000000c944600000)]
  0x000001d87da57ab0 JavaThread "Thread-44" [_thread_blocked, id=3484, stack(0x000000c942a00000,0x000000c942b00000)]

Other Threads:
  0x000001d879026210 VMThread "VM Thread" [stack: 0x000000c941100000,0x000000c941200000] [id=12996]
  0x000001d85b98eb30 WatcherThread [stack: 0x000000c942500000,0x000000c942600000] [id=14548]
  0x000001d85b9cb930 GCTaskThread "GC Thread#0" [stack: 0x000000c940c00000,0x000000c940d00000] [id=9792]
=>0x000001d87a5d59f0 GCTaskThread "GC Thread#1" [stack: 0x000000c941f00000,0x000000c942000000] [id=8304]
  0x000001d87a5e1430 GCTaskThread "GC Thread#2" [stack: 0x000000c942000000,0x000000c942100000] [id=18020]
  0x000001d87a5efa90 GCTaskThread "GC Thread#3" [stack: 0x000000c942100000,0x000000c942200000] [id=15480]
  0x000001d85b9dd510 ConcurrentGCThread "G1 Main Marker" [stack: 0x000000c940d00000,0x000000c940e00000] [id=16136]
  0x000001d85b9ddf10 ConcurrentGCThread "G1 Conc#0" [stack: 0x000000c940e00000,0x000000c940f00000] [id=16040]
  0x000001d85ba53a10 ConcurrentGCThread "G1 Refine#0" [stack: 0x000000c940f00000,0x000000c941000000] [id=2668]
  0x000001d85ba553b0 ConcurrentGCThread "G1 Service" [stack: 0x000000c941000000,0x000000c941100000] [id=10408]

Threads with active compile tasks:

VM state: at safepoint (normal execution)

VM Mutex/Monitor currently owned by a thread:  ([mutex/lock_event])
[0x000001d85b987ef0] Threads_lock - owner thread: 0x000001d879026210
[0x000001d85b988520] Heap_lock - owner thread: 0x000001d87da57ab0

Heap address: 0x0000000082400000, size: 2012 MB, Compressed Oops mode: 32-bit

CDS archive(s) mapped at: [0x0000000800000000-0x0000000800bb0000-0x0000000800bb0000), size 12255232, SharedBaseAddress: 0x0000000800000000, ArchiveRelocationMode: 0.
Compressed class space mapped at: 0x0000000800c00000-0x0000000840c00000, reserved size: 1073741824
Narrow klass base: 0x0000000800000000, Narrow klass shift: 3, Narrow klass range: 0x100000000

GC Precious Log:
 CPUs: 4 total, 4 available
 Memory: 8047M
 Large Page Support: Disabled
 NUMA Support: Disabled
 Compressed Oops: Enabled (32-bit)
 Heap Region Size: 1M
 Heap Min Capacity: 8M
 Heap Initial Capacity: 126M
 Heap Max Capacity: 2012M
 Pre-touch: Disabled
 Parallel Workers: 4
 Concurrent Workers: 1
 Concurrent Refinement Workers: 4
 Periodic GC: Disabled

Heap:
 garbage-first heap   total 133120K, used 94521K [0x0000000082400000, 0x0000000100000000)
  region size 1024K, 47 young (48128K), 7 survivors (7168K)
 Metaspace       used 72433K, committed 73280K, reserved 1114112K
  class space    used 9909K, committed 10304K, reserved 1048576K

Heap Regions: E=young(eden), S=young(survivor), O=old, HS=humongous(starts), HC=humongous(continues), CS=collection set, F=free, OA=open archive, CA=closed archive, TAMS=top-at-mark-start (previous, next)
|   0|0x0000000082400000, 0x0000000082500000, 0x0000000082500000|100%|HS|  |TAMS 0x0000000082500000, 0x0000000082400000| Untracked 
|   1|0x0000000082500000, 0x0000000082600000, 0x0000000082600000|100%| O|  |TAMS 0x0000000082500000, 0x0000000082500000| Untracked 
|   2|0x0000000082600000, 0x00000000826ffff8, 0x0000000082700000| 99%| O|  |TAMS 0x0000000082600000, 0x0000000082600000| Untracked 
|   3|0x0000000082700000, 0x00000000827ffbe0, 0x0000000082800000| 99%| O|  |TAMS 0x0000000082700000, 0x0000000082700000| Untracked 
|   4|0x0000000082800000, 0x00000000828fff98, 0x0000000082900000| 99%| O|  |TAMS 0x0000000082800000, 0x0000000082800000| Untracked 
|   5|0x0000000082900000, 0x00000000829ffff0, 0x0000000082a00000| 99%| O|  |TAMS 0x0000000082900000, 0x0000000082900000| Untracked 
|   6|0x0000000082a00000, 0x0000000082afffe8, 0x0000000082b00000| 99%| O|  |TAMS 0x0000000082a00000, 0x0000000082a00000| Untracked 
|   7|0x0000000082b00000, 0x0000000082bfff68, 0x0000000082c00000| 99%| O|  |TAMS 0x0000000082b00000, 0x0000000082b00000| Untracked 
|   8|0x0000000082c00000, 0x0000000082cffff8, 0x0000000082d00000| 99%| O|  |TAMS 0x0000000082c00000, 0x0000000082c00000| Untracked 
|   9|0x0000000082d00000, 0x0000000082e00000, 0x0000000082e00000|100%| O|  |TAMS 0x0000000082d00000, 0x0000000082d00000| Untracked 
|  10|0x0000000082e00000, 0x0000000082f00000, 0x0000000082f00000|100%| O|  |TAMS 0x0000000082e00000, 0x0000000082e00000| Untracked 
|  11|0x0000000082f00000, 0x0000000082ffffe8, 0x0000000083000000| 99%| O|  |TAMS 0x0000000082f00000, 0x0000000082f00000| Untracked 
|  12|0x0000000083000000, 0x0000000083100000, 0x0000000083100000|100%| O|  |TAMS 0x0000000083000000, 0x0000000083000000| Untracked 
|  13|0x0000000083100000, 0x00000000831ffff8, 0x0000000083200000| 99%| O|  |TAMS 0x0000000083100000, 0x0000000083100000| Untracked 
|  14|0x0000000083200000, 0x0000000083300000, 0x0000000083300000|100%| O|  |TAMS 0x0000000083200000, 0x0000000083200000| Untracked 
|  15|0x0000000083300000, 0x00000000833ffff8, 0x0000000083400000| 99%| O|  |TAMS 0x0000000083300000, 0x0000000083300000| Untracked 
|  16|0x0000000083400000, 0x00000000834fffb8, 0x0000000083500000| 99%| O|  |TAMS 0x0000000083400000, 0x0000000083400000| Untracked 
|  17|0x0000000083500000, 0x00000000835ffff8, 0x0000000083600000| 99%| O|  |TAMS 0x0000000083500000, 0x0000000083500000| Untracked 
|  18|0x0000000083600000, 0x00000000836ffff8, 0x0000000083700000| 99%| O|  |TAMS 0x0000000083600000, 0x0000000083600000| Untracked 
|  19|0x0000000083700000, 0x00000000837fffe0, 0x0000000083800000| 99%| O|  |TAMS 0x0000000083700000, 0x0000000083700000| Untracked 
|  20|0x0000000083800000, 0x00000000838ffff8, 0x0000000083900000| 99%| O|  |TAMS 0x0000000083800000, 0x0000000083800000| Untracked 
|  21|0x0000000083900000, 0x00000000839ffff8, 0x0000000083a00000| 99%| O|  |TAMS 0x0000000083900000, 0x0000000083900000| Untracked 
|  22|0x0000000083a00000, 0x0000000083afffe8, 0x0000000083b00000| 99%| O|  |TAMS 0x0000000083a00000, 0x0000000083a00000| Untracked 
|  23|0x0000000083b00000, 0x0000000083bffff0, 0x0000000083c00000| 99%| O|  |TAMS 0x0000000083b00000, 0x0000000083b00000| Untracked 
|  24|0x0000000083c00000, 0x0000000083cffff8, 0x0000000083d00000| 99%| O|  |TAMS 0x0000000083c00000, 0x0000000083c00000| Untracked 
|  25|0x0000000083d00000, 0x0000000083e00000, 0x0000000083e00000|100%| O|  |TAMS 0x0000000083d00000, 0x0000000083d00000| Untracked 
|  26|0x0000000083e00000, 0x0000000083efffd0, 0x0000000083f00000| 99%| O|  |TAMS 0x0000000083e00000, 0x0000000083e00000| Untracked 
|  27|0x0000000083f00000, 0x0000000084000000, 0x0000000084000000|100%| O|  |TAMS 0x0000000083f00000, 0x0000000083f00000| Untracked 
|  28|0x0000000084000000, 0x00000000840ff568, 0x0000000084100000| 99%| O|  |TAMS 0x0000000084000000, 0x0000000084000000| Untracked 
|  29|0x0000000084100000, 0x00000000841ffff8, 0x0000000084200000| 99%| O|  |TAMS 0x0000000084100000, 0x0000000084100000| Untracked 
|  30|0x0000000084200000, 0x00000000842ffff0, 0x0000000084300000| 99%| O|  |TAMS 0x0000000084200000, 0x0000000084200000| Untracked 
|  31|0x0000000084300000, 0x0000000084400000, 0x0000000084400000|100%| O|  |TAMS 0x0000000084300000, 0x0000000084300000| Untracked 
|  32|0x0000000084400000, 0x0000000084500000, 0x0000000084500000|100%| O|  |TAMS 0x0000000084400000, 0x0000000084400000| Untracked 
|  33|0x0000000084500000, 0x00000000845fff50, 0x0000000084600000| 99%| O|  |TAMS 0x0000000084500000, 0x0000000084500000| Untracked 
|  34|0x0000000084600000, 0x00000000846ff920, 0x0000000084700000| 99%| O|  |TAMS 0x0000000084600000, 0x0000000084600000| Untracked 
|  35|0x0000000084700000, 0x00000000847fffc8, 0x0000000084800000| 99%| O|  |TAMS 0x0000000084700000, 0x0000000084700000| Untracked 
|  36|0x0000000084800000, 0x00000000848fffe0, 0x0000000084900000| 99%| O|  |TAMS 0x0000000084800000, 0x0000000084800000| Untracked 
|  37|0x0000000084900000, 0x00000000849fffc8, 0x0000000084a00000| 99%| O|  |TAMS 0x0000000084900000, 0x0000000084900000| Untracked 
|  38|0x0000000084a00000, 0x0000000084afffe8, 0x0000000084b00000| 99%| O|  |TAMS 0x0000000084a00000, 0x0000000084a00000| Untracked 
|  39|0x0000000084b00000, 0x0000000084bfffe8, 0x0000000084c00000| 99%| O|  |TAMS 0x0000000084b00000, 0x0000000084b00000| Untracked 
|  40|0x0000000084c00000, 0x0000000084cfffe8, 0x0000000084d00000| 99%| O|  |TAMS 0x0000000084c00000, 0x0000000084c00000| Untracked 
|  41|0x0000000084d00000, 0x0000000084d27ce0, 0x0000000084e00000| 15%| O|  |TAMS 0x0000000084d00000, 0x0000000084d00000| Untracked 
|  42|0x0000000084e00000, 0x0000000084f00000, 0x0000000084f00000|100%|HS|  |TAMS 0x0000000084e00000, 0x0000000084e00000| Complete 
|  43|0x0000000084f00000, 0x0000000084fffb58, 0x0000000085000000| 99%| O|  |TAMS 0x0000000084f00000, 0x0000000084f00000| Untracked 
|  44|0x0000000085000000, 0x0000000085052788, 0x0000000085100000| 32%| O|  |TAMS 0x0000000085000000, 0x0000000085000000| Untracked 
|  45|0x0000000085100000, 0x0000000085200000, 0x0000000085200000|100%| O|  |TAMS 0x0000000085100000, 0x0000000085100000| Untracked 
|  46|0x0000000085200000, 0x000000008521f6d8, 0x0000000085300000| 12%| O|  |TAMS 0x0000000085200000, 0x0000000085200000| Untracked 
|  47|0x0000000085300000, 0x0000000085400000, 0x0000000085400000|100%| O|  |TAMS 0x0000000085300000, 0x0000000085300000| Untracked 
|  48|0x0000000085400000, 0x00000000854e5a00, 0x0000000085500000| 89%| O|  |TAMS 0x0000000085400000, 0x0000000085400000| Untracked 
|  49|0x0000000085500000, 0x0000000085500000, 0x0000000085600000|  0%| F|  |TAMS 0x0000000085500000, 0x0000000085500000| Untracked 
|  50|0x0000000085600000, 0x0000000085600000, 0x0000000085700000|  0%| F|  |TAMS 0x0000000085600000, 0x0000000085600000| Untracked 
|  51|0x0000000085700000, 0x0000000085700000, 0x0000000085800000|  0%| F|  |TAMS 0x0000000085700000, 0x0000000085700000| Untracked 
|  52|0x0000000085800000, 0x0000000085800000, 0x0000000085900000|  0%| F|  |TAMS 0x0000000085800000, 0x0000000085800000| Untracked 
|  53|0x0000000085900000, 0x0000000085900000, 0x0000000085a00000|  0%| F|  |TAMS 0x0000000085900000, 0x0000000085900000| Untracked 
|  54|0x0000000085a00000, 0x0000000085a00000, 0x0000000085b00000|  0%| F|  |TAMS 0x0000000085a00000, 0x0000000085a00000| Untracked 
|  55|0x0000000085b00000, 0x0000000085b00000, 0x0000000085c00000|  0%| F|  |TAMS 0x0000000085b00000, 0x0000000085b00000| Untracked 
|  56|0x0000000085c00000, 0x0000000085c00000, 0x0000000085d00000|  0%| F|  |TAMS 0x0000000085c00000, 0x0000000085c00000| Untracked 
|  57|0x0000000085d00000, 0x0000000085d00000, 0x0000000085e00000|  0%| F|  |TAMS 0x0000000085d00000, 0x0000000085d00000| Untracked 
|  58|0x0000000085e00000, 0x0000000085e00000, 0x0000000085f00000|  0%| F|  |TAMS 0x0000000085e00000, 0x0000000085e00000| Untracked 
|  59|0x0000000085f00000, 0x0000000085f00000, 0x0000000086000000|  0%| F|  |TAMS 0x0000000085f00000, 0x0000000085f00000| Untracked 
|  60|0x0000000086000000, 0x0000000086000000, 0x0000000086100000|  0%| F|  |TAMS 0x0000000086000000, 0x0000000086000000| Untracked 
|  61|0x0000000086100000, 0x0000000086100000, 0x0000000086200000|  0%| F|  |TAMS 0x0000000086100000, 0x0000000086100000| Untracked 
|  62|0x0000000086200000, 0x00000000862b3850, 0x0000000086300000| 70%| S|  |TAMS 0x0000000086200000, 0x0000000086200000| Complete 
|  63|0x0000000086300000, 0x0000000086400000, 0x0000000086400000|100%| S|  |TAMS 0x0000000086300000, 0x0000000086300000| Complete 
|  64|0x0000000086400000, 0x0000000086400000, 0x0000000086500000|  0%| F|  |TAMS 0x0000000086400000, 0x0000000086400000| Untracked 
|  65|0x0000000086500000, 0x0000000086500000, 0x0000000086600000|  0%| F|  |TAMS 0x0000000086500000, 0x0000000086500000| Untracked 
|  66|0x0000000086600000, 0x0000000086600000, 0x0000000086700000|  0%| F|  |TAMS 0x0000000086600000, 0x0000000086600000| Untracked 
|  67|0x0000000086700000, 0x0000000086700000, 0x0000000086800000|  0%| F|  |TAMS 0x0000000086700000, 0x0000000086700000| Untracked 
|  68|0x0000000086800000, 0x0000000086900000, 0x0000000086900000|100%| S|  |TAMS 0x0000000086800000, 0x0000000086800000| Complete 
|  69|0x0000000086900000, 0x0000000086a00000, 0x0000000086a00000|100%| S|  |TAMS 0x0000000086900000, 0x0000000086900000| Complete 
|  70|0x0000000086a00000, 0x0000000086b00000, 0x0000000086b00000|100%| S|  |TAMS 0x0000000086a00000, 0x0000000086a00000| Complete 
|  71|0x0000000086b00000, 0x0000000086c00000, 0x0000000086c00000|100%| S|  |TAMS 0x0000000086b00000, 0x0000000086b00000| Complete 
|  72|0x0000000086c00000, 0x0000000086c00000, 0x0000000086d00000|  0%| F|  |TAMS 0x0000000086c00000, 0x0000000086c00000| Untracked 
|  73|0x0000000086d00000, 0x0000000086d00000, 0x0000000086e00000|  0%| F|  |TAMS 0x0000000086d00000, 0x0000000086d00000| Untracked 
|  74|0x0000000086e00000, 0x0000000086f00000, 0x0000000086f00000|100%| S|  |TAMS 0x0000000086e00000, 0x0000000086e00000| Complete 
|  75|0x0000000086f00000, 0x0000000086f00000, 0x0000000087000000|  0%| F|  |TAMS 0x0000000086f00000, 0x0000000086f00000| Untracked 
|  76|0x0000000087000000, 0x0000000087000000, 0x0000000087100000|  0%| F|  |TAMS 0x0000000087000000, 0x0000000087000000| Untracked 
|  77|0x0000000087100000, 0x0000000087100000, 0x0000000087200000|  0%| F|  |TAMS 0x0000000087100000, 0x0000000087100000| Untracked 
|  78|0x0000000087200000, 0x0000000087200000, 0x0000000087300000|  0%| F|  |TAMS 0x0000000087200000, 0x0000000087200000| Untracked 
|  79|0x0000000087300000, 0x0000000087300000, 0x0000000087400000|  0%| F|  |TAMS 0x0000000087300000, 0x0000000087300000| Untracked 
|  80|0x0000000087400000, 0x0000000087400000, 0x0000000087500000|  0%| F|  |TAMS 0x0000000087400000, 0x0000000087400000| Untracked 
|  81|0x0000000087500000, 0x0000000087500000, 0x0000000087600000|  0%| F|  |TAMS 0x0000000087500000, 0x0000000087500000| Untracked 
|  82|0x0000000087600000, 0x0000000087600000, 0x0000000087700000|  0%| F|  |TAMS 0x0000000087600000, 0x0000000087600000| Untracked 
|  83|0x0000000087700000, 0x0000000087700000, 0x0000000087800000|  0%| F|  |TAMS 0x0000000087700000, 0x0000000087700000| Untracked 
|  84|0x0000000087800000, 0x0000000087800000, 0x0000000087900000|  0%| F|  |TAMS 0x0000000087800000, 0x0000000087800000| Untracked 
|  85|0x0000000087900000, 0x0000000087900000, 0x0000000087a00000|  0%| F|  |TAMS 0x0000000087900000, 0x0000000087900000| Untracked 
|  86|0x0000000087a00000, 0x0000000087a00000, 0x0000000087b00000|  0%| F|  |TAMS 0x0000000087a00000, 0x0000000087a00000| Untracked 
|  87|0x0000000087b00000, 0x0000000087b00000, 0x0000000087c00000|  0%| F|  |TAMS 0x0000000087b00000, 0x0000000087b00000| Untracked 
|  88|0x0000000087c00000, 0x0000000087c00000, 0x0000000087d00000|  0%| F|  |TAMS 0x0000000087c00000, 0x0000000087c00000| Untracked 
|  89|0x0000000087d00000, 0x0000000087d00000, 0x0000000087e00000|  0%| F|  |TAMS 0x0000000087d00000, 0x0000000087d00000| Untracked 
|  90|0x0000000087e00000, 0x0000000087e1d848, 0x0000000087f00000| 11%| E|  |TAMS 0x0000000087e00000, 0x0000000087e00000| Complete 
|  91|0x0000000087f00000, 0x0000000088000000, 0x0000000088000000|100%| E|  |TAMS 0x0000000087f00000, 0x0000000087f00000| Complete 
|  92|0x0000000088000000, 0x0000000088100000, 0x0000000088100000|100%| E|  |TAMS 0x0000000088000000, 0x0000000088000000| Complete 
|  93|0x0000000088100000, 0x0000000088200000, 0x0000000088200000|100%| E|  |TAMS 0x0000000088100000, 0x0000000088100000| Complete 
|  94|0x0000000088200000, 0x0000000088300000, 0x0000000088300000|100%| E|  |TAMS 0x0000000088200000, 0x0000000088200000| Complete 
|  95|0x0000000088300000, 0x0000000088400000, 0x0000000088400000|100%| E|  |TAMS 0x0000000088300000, 0x0000000088300000| Complete 
|  96|0x0000000088400000, 0x0000000088500000, 0x0000000088500000|100%| E|  |TAMS 0x0000000088400000, 0x0000000088400000| Complete 
|  97|0x0000000088500000, 0x0000000088600000, 0x0000000088600000|100%| E|  |TAMS 0x0000000088500000, 0x0000000088500000| Complete 
|  98|0x0000000088600000, 0x0000000088700000, 0x0000000088700000|100%| E|  |TAMS 0x0000000088600000, 0x0000000088600000| Complete 
|  99|0x0000000088700000, 0x0000000088800000, 0x0000000088800000|100%| E|  |TAMS 0x0000000088700000, 0x0000000088700000| Complete 
| 100|0x0000000088800000, 0x0000000088900000, 0x0000000088900000|100%| E|  |TAMS 0x0000000088800000, 0x0000000088800000| Complete 
| 101|0x0000000088900000, 0x0000000088a00000, 0x0000000088a00000|100%| E|  |TAMS 0x0000000088900000, 0x0000000088900000| Complete 
| 102|0x0000000088a00000, 0x0000000088b00000, 0x0000000088b00000|100%| E|  |TAMS 0x0000000088a00000, 0x0000000088a00000| Complete 
| 103|0x0000000088b00000, 0x0000000088c00000, 0x0000000088c00000|100%| E|  |TAMS 0x0000000088b00000, 0x0000000088b00000| Complete 
| 104|0x0000000088c00000, 0x0000000088d00000, 0x0000000088d00000|100%| E|  |TAMS 0x0000000088c00000, 0x0000000088c00000| Complete 
| 105|0x0000000088d00000, 0x0000000088e00000, 0x0000000088e00000|100%| E|  |TAMS 0x0000000088d00000, 0x0000000088d00000| Complete 
| 106|0x0000000088e00000, 0x0000000088f00000, 0x0000000088f00000|100%| E|  |TAMS 0x0000000088e00000, 0x0000000088e00000| Complete 
| 107|0x0000000088f00000, 0x0000000089000000, 0x0000000089000000|100%| E|  |TAMS 0x0000000088f00000, 0x0000000088f00000| Complete 
| 108|0x0000000089000000, 0x0000000089100000, 0x0000000089100000|100%| E|  |TAMS 0x0000000089000000, 0x0000000089000000| Complete 
| 109|0x0000000089100000, 0x0000000089200000, 0x0000000089200000|100%| E|  |TAMS 0x0000000089100000, 0x0000000089100000| Complete 
| 110|0x0000000089200000, 0x0000000089300000, 0x0000000089300000|100%| E|  |TAMS 0x0000000089200000, 0x0000000089200000| Complete 
| 111|0x0000000089300000, 0x0000000089400000, 0x0000000089400000|100%| E|  |TAMS 0x0000000089300000, 0x0000000089300000| Complete 
| 112|0x0000000089400000, 0x0000000089500000, 0x0000000089500000|100%| E|  |TAMS 0x0000000089400000, 0x0000000089400000| Complete 
| 113|0x0000000089500000, 0x0000000089600000, 0x0000000089600000|100%| E|  |TAMS 0x0000000089500000, 0x0000000089500000| Complete 
| 114|0x0000000089600000, 0x0000000089700000, 0x0000000089700000|100%| E|  |TAMS 0x0000000089600000, 0x0000000089600000| Complete 
| 115|0x0000000089700000, 0x0000000089800000, 0x0000000089800000|100%| E|  |TAMS 0x0000000089700000, 0x0000000089700000| Complete 
| 116|0x0000000089800000, 0x0000000089900000, 0x0000000089900000|100%| E|  |TAMS 0x0000000089800000, 0x0000000089800000| Complete 
| 117|0x0000000089900000, 0x0000000089a00000, 0x0000000089a00000|100%| E|  |TAMS 0x0000000089900000, 0x0000000089900000| Complete 
| 118|0x0000000089a00000, 0x0000000089b00000, 0x0000000089b00000|100%| E|  |TAMS 0x0000000089a00000, 0x0000000089a00000| Complete 
| 119|0x0000000089b00000, 0x0000000089c00000, 0x0000000089c00000|100%| E|  |TAMS 0x0000000089b00000, 0x0000000089b00000| Complete 
| 120|0x0000000089c00000, 0x0000000089d00000, 0x0000000089d00000|100%| E|  |TAMS 0x0000000089c00000, 0x0000000089c00000| Complete 
| 121|0x0000000089d00000, 0x0000000089e00000, 0x0000000089e00000|100%| E|  |TAMS 0x0000000089d00000, 0x0000000089d00000| Complete 
| 122|0x0000000089e00000, 0x0000000089f00000, 0x0000000089f00000|100%| E|  |TAMS 0x0000000089e00000, 0x0000000089e00000| Complete 
| 123|0x0000000089f00000, 0x000000008a000000, 0x000000008a000000|100%| E|  |TAMS 0x0000000089f00000, 0x0000000089f00000| Complete 
| 124|0x000000008a000000, 0x000000008a100000, 0x000000008a100000|100%| E|  |TAMS 0x000000008a000000, 0x000000008a000000| Complete 
| 125|0x000000008a100000, 0x000000008a200000, 0x000000008a200000|100%| E|  |TAMS 0x000000008a100000, 0x000000008a100000| Complete 
| 126|0x000000008a200000, 0x000000008a300000, 0x000000008a300000|100%| E|  |TAMS 0x000000008a200000, 0x000000008a200000| Complete 
| 127|0x000000008a300000, 0x000000008a400000, 0x000000008a400000|100%| E|  |TAMS 0x000000008a300000, 0x000000008a300000| Complete 
| 128|0x000000008a400000, 0x000000008a500000, 0x000000008a500000|100%| E|  |TAMS 0x000000008a400000, 0x000000008a400000| Complete 
| 129|0x000000008a500000, 0x000000008a600000, 0x000000008a600000|100%| E|  |TAMS 0x000000008a500000, 0x000000008a500000| Complete 

Card table byte_map: [0x000001d8724f0000,0x000001d8728e0000] _byte_map_base: 0x000001d8720de000

Marking Bits (Prev, Next): (CMBitMap*) 0x000001d85b9ccf80, (CMBitMap*) 0x000001d85b9ccf40
 Prev Bits: [0x000001d874c40000, 0x000001d876bb0000)
 Next Bits: [0x000001d872cd0000, 0x000001d874c40000)

Polling page: 0x000001d85b160000

Metaspace:

Usage:
  Non-class:     61.06 MB used.
      Class:      9.68 MB used.
       Both:     70.74 MB used.

Virtual space:
  Non-class space:       64.00 MB reserved,      61.50 MB ( 96%) committed,  8 nodes.
      Class space:        1.00 GB reserved,      10.06 MB ( <1%) committed,  1 nodes.
              Both:        1.06 GB reserved,      71.56 MB (  7%) committed. 

Chunk freelists:
   Non-Class:  1.73 MB
       Class:  1.96 MB
        Both:  3.69 MB

MaxMetaspaceSize: 17179869184.00 GB
CompressedClassSpaceSize: 1.00 GB
 - commit_granule_bytes: 65536.
 - commit_granule_words: 8192.
 - virtual_space_node_default_size: 1048576.
 - enlarge_chunks_in_place: 1.
 - new_chunks_are_fully_committed: 0.
 - uncommit_free_chunks: 1.
 - use_allocation_guard: 0.
 - handle_deallocations: 1.


Internal statistics:

num_allocs_failed_limit: 12.
num_arena_births: 1226.
num_arena_deaths: 188.
num_vsnodes_births: 9.
num_vsnodes_deaths: 0.
num_space_committed: 1145.
num_space_uncommitted: 0.
num_chunks_returned_to_freelist: 236.
num_chunks_taken_from_freelist: 4017.
num_chunk_merges: 79.
num_chunk_splits: 2596.
num_chunks_enlarged: 1753.
num_purges: 16.

CodeHeap 'non-profiled nmethods': size=238912Kb used=20773Kb max_used=20773Kb free=218139Kb
 bounds [0x000001d8637b0000, 0x000001d864c00000, 0x000001d872100000]
CodeHeap 'non-nmethods': size=6848Kb used=1432Kb max_used=1432Kb free=5415Kb
 bounds [0x000001d863100000, 0x000001d863370000, 0x000001d8637b0000]
 total_blobs=12006 nmethods=11315 adapters=617
 compilation: enabled
              stopped_count=0, restarted_count=0
 full_count=0

Compilation events (20 events):
Event: 2071.711 Thread 0x000001d8790401a0 11306       1       sun.net.ext.ExtendedSocketOptions::isOptionSupported (11 bytes)
Event: 2071.711 Thread 0x000001d8790401a0 nmethod 11306 0x000001d864bf3f90 code [0x000001d864bf4140, 0x000001d864bf4248]
Event: 2071.711 Thread 0x000001d8790401a0 11307       1       sun.nio.ch.SocketOptionRegistry::findOption (23 bytes)
Event: 2071.712 Thread 0x000001d8790401a0 nmethod 11307 0x000001d864bf4310 code [0x000001d864bf44c0, 0x000001d864bf4728]
Event: 2071.712 Thread 0x000001d8790401a0 11308       1       sun.nio.ch.SocketOptionRegistry$RegistryKey::equals (48 bytes)
Event: 2071.712 Thread 0x000001d8790401a0 nmethod 11308 0x000001d864bf4890 code [0x000001d864bf4a40, 0x000001d864bf4c78]
Event: 2080.661 Thread 0x000001d8790401a0 11309       1       java.io.ObjectOutputStream::annotateClass (1 bytes)
Event: 2080.662 Thread 0x000001d8790401a0 nmethod 11309 0x000001d864bf4d10 code [0x000001d864bf4ea0, 0x000001d864bf4f58]
Event: 2080.666 Thread 0x000001d8790401a0 11310       1       com.sun.beans.util.Cache$Kind$Soft::removeOwner (6 bytes)
Event: 2080.667 Thread 0x000001d8790401a0 nmethod 11310 0x000001d864bf5010 code [0x000001d864bf51a0, 0x000001d864bf5298]
Event: 2080.667 Thread 0x000001d8790401a0 11311  s!   1       org.apache.catalina.util.LifecycleBase::destroy (274 bytes)
Event: 2080.669 Thread 0x000001d8790401a0 nmethod 11311 0x000001d864bf5310 code [0x000001d864bf5620, 0x000001d864bf65a8]
Event: 2080.677 Thread 0x000001d8790401a0 11312       1       org.h2.mvstore.db.MVPrimaryIndex::getMap (23 bytes)
Event: 2080.677 Thread 0x000001d8790401a0 nmethod 11312 0x000001d864bf6d10 code [0x000001d864bf6ec0, 0x000001d864bf7128]
Event: 2080.677 Thread 0x000001d8790401a0 11313       1       org.h2.mvstore.tx.TransactionMap::getInstance (13 bytes)
Event: 2080.678 Thread 0x000001d8790401a0 nmethod 11313 0x000001d864bf7290 code [0x000001d864bf7420, 0x000001d864bf75f8]
Event: 2080.678 Thread 0x000001d8790401a0 11314       1       org.h2.value.ValueLong::getLong (5 bytes)
Event: 2080.678 Thread 0x000001d8790401a0 nmethod 11314 0x000001d864bf7690 code [0x000001d864bf7820, 0x000001d864bf78f8]
Event: 2080.898 Thread 0x000001d8790401a0 11315   !   1       org.springframework.beans.factory.support.DisposableBeanAdapter::destroy (278 bytes)
Event: 2080.901 Thread 0x000001d8790401a0 nmethod 11315 0x000001d864bf7990 code [0x000001d864bf7d40, 0x000001d864bf8bb8]

GC Heap History (20 events):
Event: 2001.211 GC heap after
{Heap after GC invocations=68 (full 6):
 garbage-first heap   total 133120K, used 47755K [0x0000000082400000, 0x0000000100000000)
  region size 1024K, 9 young (9216K), 9 survivors (9216K)
 Metaspace       used 71846K, committed 72768K, reserved 1114112K
  class space    used 9853K, committed 10304K, reserved 1048576K
}
Event: 2002.057 GC heap before
{Heap before GC invocations=68 (full 6):
 garbage-first heap   total 133120K, used 107147K [0x0000000082400000, 0x0000000100000000)
  region size 1024K, 65 young (66560K), 9 survivors (9216K)
 Metaspace       used 71846K, committed 72768K, reserved 1114112K
  class space    used 9853K, committed 10304K, reserved 1048576K
}
Event: 2002.083 GC heap after
{Heap after GC invocations=69 (full 6):
 garbage-first heap   total 133120K, used 53934K [0x0000000082400000, 0x0000000100000000)
  region size 1024K, 9 young (9216K), 9 survivors (9216K)
 Metaspace       used 71846K, committed 72768K, reserved 1114112K
  class space    used 9853K, committed 10304K, reserved 1048576K
}
Event: 2044.541 GC heap before
{Heap before GC invocations=69 (full 6):
 garbage-first heap   total 133120K, used 74414K [0x0000000082400000, 0x0000000100000000)
  region size 1024K, 30 young (30720K), 9 survivors (9216K)
 Metaspace       used 71871K, committed 72768K, reserved 1114112K
  class space    used 9855K, committed 10304K, reserved 1048576K
}
Event: 2044.698 GC heap after
{Heap after GC invocations=70 (full 7):
 garbage-first heap   total 133120K, used 40988K [0x0000000082400000, 0x0000000100000000)
  region size 1024K, 0 young (0K), 0 survivors (0K)
 Metaspace       used 71871K, committed 72768K, reserved 1114112K
  class space    used 9855K, committed 10304K, reserved 1048576K
}
Event: 2046.622 GC heap before
{Heap before GC invocations=70 (full 7):
 garbage-first heap   total 133120K, used 100380K [0x0000000082400000, 0x0000000100000000)
  region size 1024K, 59 young (60416K), 0 survivors (0K)
 Metaspace       used 71976K, committed 72832K, reserved 1114112K
  class space    used 9875K, committed 10304K, reserved 1048576K
}
Event: 2046.627 GC heap after
{Heap after GC invocations=71 (full 7):
 garbage-first heap   total 133120K, used 44895K [0x0000000082400000, 0x0000000100000000)
  region size 1024K, 4 young (4096K), 4 survivors (4096K)
 Metaspace       used 71976K, committed 72832K, reserved 1114112K
  class space    used 9875K, committed 10304K, reserved 1048576K
}
Event: 2048.186 GC heap before
{Heap before GC invocations=71 (full 7):
 garbage-first heap   total 133120K, used 102239K [0x0000000082400000, 0x0000000100000000)
  region size 1024K, 61 young (62464K), 4 survivors (4096K)
 Metaspace       used 72138K, committed 72960K, reserved 1114112K
  class space    used 9889K, committed 10304K, reserved 1048576K
}
Event: 2048.192 GC heap after
{Heap after GC invocations=72 (full 7):
 garbage-first heap   total 133120K, used 47003K [0x0000000082400000, 0x0000000100000000)
  region size 1024K, 6 young (6144K), 6 survivors (6144K)
 Metaspace       used 72138K, committed 72960K, reserved 1114112K
  class space    used 9889K, committed 10304K, reserved 1048576K
}
Event: 2048.743 GC heap before
{Heap before GC invocations=72 (full 7):
 garbage-first heap   total 133120K, used 106395K [0x0000000082400000, 0x0000000100000000)
  region size 1024K, 62 young (63488K), 6 survivors (6144K)
 Metaspace       used 72143K, committed 72960K, reserved 1114112K
  class space    used 9890K, committed 10304K, reserved 1048576K
}
Event: 2048.755 GC heap after
{Heap after GC invocations=73 (full 7):
 garbage-first heap   total 133120K, used 51648K [0x0000000082400000, 0x0000000100000000)
  region size 1024K, 7 young (7168K), 7 survivors (7168K)
 Metaspace       used 72143K, committed 72960K, reserved 1114112K
  class space    used 9890K, committed 10304K, reserved 1048576K
}
Event: 2051.120 GC heap before
{Heap before GC invocations=73 (full 7):
 garbage-first heap   total 133120K, used 86464K [0x0000000082400000, 0x0000000100000000)
  region size 1024K, 43 young (44032K), 7 survivors (7168K)
 Metaspace       used 72206K, committed 73024K, reserved 1114112K
  class space    used 9894K, committed 10304K, reserved 1048576K
}
Event: 2051.253 GC heap after
{Heap after GC invocations=74 (full 8):
 garbage-first heap   total 133120K, used 43615K [0x0000000082400000, 0x0000000100000000)
  region size 1024K, 0 young (0K), 0 survivors (0K)
 Metaspace       used 72206K, committed 73024K, reserved 1114112K
  class space    used 9894K, committed 10304K, reserved 1048576K
}
Event: 2052.189 GC heap before
{Heap before GC invocations=74 (full 8):
 garbage-first heap   total 133120K, used 101983K [0x0000000082400000, 0x0000000100000000)
  region size 1024K, 58 young (59392K), 0 survivors (0K)
 Metaspace       used 72240K, committed 73088K, reserved 1114112K
  class space    used 9899K, committed 10304K, reserved 1048576K
}
Event: 2052.193 GC heap after
{Heap after GC invocations=75 (full 8):
 garbage-first heap   total 133120K, used 47240K [0x0000000082400000, 0x0000000100000000)
  region size 1024K, 4 young (4096K), 4 survivors (4096K)
 Metaspace       used 72240K, committed 73088K, reserved 1114112K
  class space    used 9899K, committed 10304K, reserved 1048576K
}
Event: 2053.389 GC heap before
{Heap before GC invocations=75 (full 8):
 garbage-first heap   total 133120K, used 103560K [0x0000000082400000, 0x0000000100000000)
  region size 1024K, 60 young (61440K), 4 survivors (4096K)
 Metaspace       used 72378K, committed 73216K, reserved 1114112K
  class space    used 9908K, committed 10304K, reserved 1048576K
}
Event: 2053.395 GC heap after
{Heap after GC invocations=76 (full 8):
 garbage-first heap   total 133120K, used 49759K [0x0000000082400000, 0x0000000100000000)
  region size 1024K, 6 young (6144K), 6 survivors (6144K)
 Metaspace       used 72378K, committed 73216K, reserved 1114112K
  class space    used 9908K, committed 10304K, reserved 1048576K
}
Event: 2054.089 GC heap before
{Heap before GC invocations=76 (full 8):
 garbage-first heap   total 133120K, used 106079K [0x0000000082400000, 0x0000000100000000)
  region size 1024K, 61 young (62464K), 6 survivors (6144K)
 Metaspace       used 72378K, committed 73216K, reserved 1114112K
  class space    used 9908K, committed 10304K, reserved 1048576K
}
Event: 2054.110 GC heap after
{Heap after GC invocations=77 (full 8):
 garbage-first heap   total 133120K, used 53443K [0x0000000082400000, 0x0000000100000000)
  region size 1024K, 7 young (7168K), 7 survivors (7168K)
 Metaspace       used 72378K, committed 73216K, reserved 1114112K
  class space    used 9908K, committed 10304K, reserved 1048576K
}
Event: 2080.906 GC heap before
{Heap before GC invocations=77 (full 8):
 garbage-first heap   total 133120K, used 94403K [0x0000000082400000, 0x0000000100000000)
  region size 1024K, 47 young (48128K), 7 survivors (7168K)
 Metaspace       used 72433K, committed 73280K, reserved 1114112K
  class space    used 9909K, committed 10304K, reserved 1048576K
}

Deoptimization events (20 events):
Event: 2080.672 Thread 0x000001d87a9dcd00 DEOPT PACKING pc=0x000001d864365964 sp=0x000000c942bfedc0
Event: 2080.672 Thread 0x000001d87a9dcd00 DEOPT UNPACKING pc=0x000001d86314dece sp=0x000000c942bfe2b8 mode 1
Event: 2080.680 Thread 0x000001d87da55030 DEOPT PACKING pc=0x000001d86434d644 sp=0x000000c942efec30
Event: 2080.680 Thread 0x000001d87da55030 DEOPT UNPACKING pc=0x000001d86314dece sp=0x000000c942efe1c8 mode 1
Event: 2080.680 Thread 0x000001d87da55030 DEOPT PACKING pc=0x000001d864416e74 sp=0x000000c942efed90
Event: 2080.680 Thread 0x000001d87da55030 DEOPT UNPACKING pc=0x000001d86314dece sp=0x000000c942efe2d8 mode 1
Event: 2080.680 Thread 0x000001d87da55030 DEOPT PACKING pc=0x000001d8644183dc sp=0x000000c942efeeb0
Event: 2080.680 Thread 0x000001d87da55030 DEOPT UNPACKING pc=0x000001d86314dece sp=0x000000c942efe350 mode 1
Event: 2080.680 Thread 0x000001d87da55030 DEOPT PACKING pc=0x000001d864365964 sp=0x000000c942efeef0
Event: 2080.680 Thread 0x000001d87da55030 DEOPT UNPACKING pc=0x000001d86314dece sp=0x000000c942efe3e8 mode 1
Event: 2080.895 Thread 0x000001d87da57ab0 DEOPT PACKING pc=0x000001d863f555cc sp=0x000000c942afea00
Event: 2080.895 Thread 0x000001d87da57ab0 DEOPT UNPACKING pc=0x000001d86314dece sp=0x000000c942afdee0 mode 1
Event: 2080.900 Thread 0x000001d87a9dbd10 DEOPT PACKING pc=0x000001d8643e2bcc sp=0x000000c9426fee00
Event: 2080.900 Thread 0x000001d87a9dbd10 DEOPT UNPACKING pc=0x000001d86314dece sp=0x000000c9426fe3a0 mode 1
Event: 2080.900 Thread 0x000001d87a9dbd10 DEOPT PACKING pc=0x000001d864416f14 sp=0x000000c9426fefa0
Event: 2080.900 Thread 0x000001d87a9dbd10 DEOPT UNPACKING pc=0x000001d86314dece sp=0x000000c9426fe4e8 mode 1
Event: 2080.900 Thread 0x000001d87a9dbd10 DEOPT PACKING pc=0x000001d8644183dc sp=0x000000c9426ff0c0
Event: 2080.900 Thread 0x000001d87a9dbd10 DEOPT UNPACKING pc=0x000001d86314dece sp=0x000000c9426fe560 mode 1
Event: 2080.900 Thread 0x000001d87a9dbd10 DEOPT PACKING pc=0x000001d864365964 sp=0x000000c9426ff100
Event: 2080.900 Thread 0x000001d87a9dbd10 DEOPT UNPACKING pc=0x000001d86314dece sp=0x000000c9426fe5f8 mode 1

Classes unloaded (20 events):
Event: 1998.457 Thread 0x000001d879026210 Unloading class 0x0000000800cc2800 'java/lang/invoke/LambdaForm$MH+0x0000000800cc2800'
Event: 1998.457 Thread 0x000001d879026210 Unloading class 0x0000000800cc2400 'java/lang/invoke/LambdaForm$MH+0x0000000800cc2400'
Event: 1998.457 Thread 0x000001d879026210 Unloading class 0x0000000800cc2000 'java/lang/invoke/LambdaForm$MH+0x0000000800cc2000'
Event: 1998.457 Thread 0x000001d879026210 Unloading class 0x0000000800cc1c00 'java/lang/invoke/LambdaForm$MH+0x0000000800cc1c00'
Event: 1998.457 Thread 0x000001d879026210 Unloading class 0x0000000800cc0800 'java/lang/invoke/LambdaForm$DMH+0x0000000800cc0800'
Event: 1998.457 Thread 0x000001d879026210 Unloading class 0x0000000800cc0000 'java/lang/invoke/LambdaForm$DMH+0x0000000800cc0000'
Event: 1998.457 Thread 0x000001d879026210 Unloading class 0x0000000800c09800 'jdk/internal/reflect/GeneratedConstructorAccessor1'
Event: 1998.457 Thread 0x000001d879026210 Unloading class 0x0000000800c08c00 'java/lang/invoke/LambdaForm$MH+0x0000000800c08c00'
Event: 1998.457 Thread 0x000001d879026210 Unloading class 0x0000000800c08800 'java/lang/invoke/LambdaForm$MH+0x0000000800c08800'
Event: 1998.457 Thread 0x000001d879026210 Unloading class 0x0000000800c08400 'java/lang/invoke/LambdaForm$MH+0x0000000800c08400'
Event: 1998.457 Thread 0x000001d879026210 Unloading class 0x0000000800c08000 'java/lang/invoke/LambdaForm$MH+0x0000000800c08000'
Event: 1998.457 Thread 0x000001d879026210 Unloading class 0x0000000800c07c00 'java/lang/invoke/LambdaForm$MH+0x0000000800c07c00'
Event: 1998.457 Thread 0x000001d879026210 Unloading class 0x0000000800c07800 'java/lang/invoke/LambdaForm$MH+0x0000000800c07800'
Event: 1998.457 Thread 0x000001d879026210 Unloading class 0x0000000800c06800 'java/lang/invoke/LambdaForm$MH+0x0000000800c06800'
Event: 1998.457 Thread 0x000001d879026210 Unloading class 0x0000000800c06400 'java/lang/invoke/LambdaForm$MH+0x0000000800c06400'
Event: 1998.457 Thread 0x000001d879026210 Unloading class 0x0000000800c05c00 'java/lang/invoke/LambdaForm$MH+0x0000000800c05c00'
Event: 1998.457 Thread 0x000001d879026210 Unloading class 0x0000000800c05000 'java/lang/invoke/LambdaForm$MH+0x0000000800c05000'
Event: 1998.457 Thread 0x000001d879026210 Unloading class 0x0000000800c04800 'java/lang/invoke/LambdaForm$MH+0x0000000800c04800'
Event: 1998.457 Thread 0x000001d879026210 Unloading class 0x0000000800c04000 'java/lang/invoke/LambdaForm$MH+0x0000000800c04000'
Event: 1998.457 Thread 0x000001d879026210 Unloading class 0x0000000800c03800 'java/lang/invoke/LambdaForm$MH+0x0000000800c03800'

Classes redefined (20 events):
Event: 2043.813 Thread 0x000001d879026210 redefined class name=com.my.spring.controller.IController, count=5
Event: 2043.813 Thread 0x000001d879026210 redefined class name=com.my.spring.controller.IController, count=1
Event: 2043.813 Thread 0x000001d879026210 redefined class name=com.my.spring.controller.IController, count=6
Event: 2050.119 Thread 0x000001d879026210 redefined class name=com.my.spring.controller.IController, count=4
Event: 2050.119 Thread 0x000001d879026210 redefined class name=com.my.spring.controller.IController, count=3
Event: 2050.119 Thread 0x000001d879026210 redefined class name=com.my.spring.controller.IController, count=5
Event: 2050.119 Thread 0x000001d879026210 redefined class name=com.my.spring.controller.IController, count=2
Event: 2050.119 Thread 0x000001d879026210 redefined class name=com.my.spring.controller.IController, count=6
Event: 2050.119 Thread 0x000001d879026210 redefined class name=com.my.spring.controller.IController, count=1
Event: 2050.119 Thread 0x000001d879026210 redefined class name=com.my.spring.controller.IController, count=2
Event: 2050.119 Thread 0x000001d879026210 redefined class name=com.my.spring.controller.IController, count=7
Event: 2079.646 Thread 0x000001d879026210 redefined class name=com.my.spring.controller.IController, count=5
Event: 2079.646 Thread 0x000001d879026210 redefined class name=com.my.spring.controller.IController, count=4
Event: 2079.646 Thread 0x000001d879026210 redefined class name=com.my.spring.controller.IController, count=1
Event: 2079.646 Thread 0x000001d879026210 redefined class name=com.my.spring.controller.IController, count=6
Event: 2079.646 Thread 0x000001d879026210 redefined class name=com.my.spring.controller.IController, count=3
Event: 2079.646 Thread 0x000001d879026210 redefined class name=com.my.spring.controller.IController, count=7
Event: 2079.646 Thread 0x000001d879026210 redefined class name=com.my.spring.controller.IController, count=2
Event: 2079.646 Thread 0x000001d879026210 redefined class name=com.my.spring.controller.IController, count=3
Event: 2079.646 Thread 0x000001d879026210 redefined class name=com.my.spring.controller.IController, count=8

Internal exceptions (20 events):
Event: 2047.005 Thread 0x000001d87da57ab0 Exception <a 'java/lang/ClassNotFoundException'{0x0000000087723170}: org/springframework/context/annotation/ConfigurationClassEnhancer$EnhancedConfigurationCustomizer> (0x0000000087723170) 
thrown [t:\workspace\open\src\hotspot\share\classfile\systemDictionary.cpp, line 256]
Event: 2047.006 Thread 0x000001d87da57ab0 Exception <a 'java/lang/ClassNotFoundException'{0x00000000877283a0}: org/springframework/beans/factory/BeanFactoryAwareCustomizer> (0x00000000877283a0) 
thrown [t:\workspace\open\src\hotspot\share\classfile\systemDictionary.cpp, line 256]
Event: 2047.007 Thread 0x000001d87da57ab0 Exception <a 'java/lang/ClassNotFoundException'{0x000000008772eb30}: org/springframework/beans/factory/AwareCustomizer> (0x000000008772eb30) 
thrown [t:\workspace\open\src\hotspot\share\classfile\systemDictionary.cpp, line 256]
Event: 2047.008 Thread 0x000001d87da57ab0 Exception <a 'java/lang/ClassNotFoundException'{0x0000000087734370}: org/springframework/security/config/annotation/web/WebSecurityConfigurerCustomizer> (0x0000000087734370) 
thrown [t:\workspace\open\src\hotspot\share\classfile\systemDictionary.cpp, line 256]
Event: 2047.009 Thread 0x000001d87da57ab0 Exception <a 'java/lang/ClassNotFoundException'{0x0000000087739b50}: org/springframework/security/config/annotation/SecurityConfigurerCustomizer> (0x0000000087739b50) 
thrown [t:\workspace\open\src\hotspot\share\classfile\systemDictionary.cpp, line 256]
Event: 2050.892 Thread 0x000001d87da59540 Exception <a 'java/lang/InterruptedException'{0x00000000883f9fa0}: sleep interrupted> (0x00000000883f9fa0) 
thrown [t:\workspace\open\src\hotspot\share\prims\jvm.cpp, line 3305]
Event: 2051.298 Thread 0x000001d87a9dc260 Exception <a 'java/io/FileNotFoundException'{0x000000008a5d0fc0}> (0x000000008a5d0fc0) 
thrown [t:\workspace\open\src\hotspot\share\prims\jni.cpp, line 579]
Event: 2052.216 Thread 0x000001d87a9dc260 Exception <a 'java/io/FileNotFoundException'{0x0000000088942960}> (0x0000000088942960) 
thrown [t:\workspace\open\src\hotspot\share\prims\jni.cpp, line 579]
Event: 2052.482 Thread 0x000001d87a9dc260 Exception <a 'java/lang/ClassNotFoundException'{0x0000000087ba7a68}: java/lang/ObjectCustomizer> (0x0000000087ba7a68) 
thrown [t:\workspace\open\src\hotspot\share\classfile\systemDictionary.cpp, line 256]
Event: 2052.484 Thread 0x000001d87a9dc260 Exception <a 'java/lang/ClassNotFoundException'{0x0000000087bb1c60}: com/my/spring/entity/ProductEntityCustomizer> (0x0000000087bb1c60) 
thrown [t:\workspace\open\src\hotspot\share\classfile\systemDictionary.cpp, line 256]
Event: 2052.530 Thread 0x000001d87a9dc260 Exception <a 'java/lang/ClassNotFoundException'{0x0000000087761820}: java/lang/ObjectCustomizer> (0x0000000087761820) 
thrown [t:\workspace\open\src\hotspot\share\classfile\systemDictionary.cpp, line 256]
Event: 2052.531 Thread 0x000001d87a9dc260 Exception <a 'java/lang/ClassNotFoundException'{0x000000008776aac0}: org/springframework/security/config/annotation/web/configuration/WebSecurityConfigurerAdapterCustomizer> (0x000000008776aac0) 
thrown [t:\workspace\open\src\hotspot\share\classfile\systemDictionary.cpp, line 256]
Event: 2052.532 Thread 0x000001d87a9dc260 Exception <a 'java/lang/ClassNotFoundException'{0x000000008777a728}: com/my/spring/configuration/WebSecurityConfigCustomizer> (0x000000008777a728) 
thrown [t:\workspace\open\src\hotspot\share\classfile\systemDictionary.cpp, line 256]
Event: 2052.534 Thread 0x000001d87a9dc260 Exception <a 'java/lang/ClassNotFoundException'{0x0000000087783928}: com/my/spring/configuration/WebSecurityConfig$$EnhancerBySpringCGLIB$$532dfa1cCustomizer> (0x0000000087783928) 
thrown [t:\workspace\open\src\hotspot\share\classfile\systemDictionary.cpp, line 256]
Event: 2052.535 Thread 0x000001d87a9dc260 Exception <a 'java/lang/ClassNotFoundException'{0x00000000877966f8}: org/springframework/context/annotation/ConfigurationClassEnhancer$EnhancedConfigurationCustomizer> (0x00000000877966f8) 
thrown [t:\workspace\open\src\hotspot\share\classfile\systemDictionary.cpp, line 256]
Event: 2052.536 Thread 0x000001d87a9dc260 Exception <a 'java/lang/ClassNotFoundException'{0x000000008779b928}: org/springframework/beans/factory/BeanFactoryAwareCustomizer> (0x000000008779b928) 
thrown [t:\workspace\open\src\hotspot\share\classfile\systemDictionary.cpp, line 256]
Event: 2052.537 Thread 0x000001d87a9dc260 Exception <a 'java/lang/ClassNotFoundException'{0x00000000877a20b8}: org/springframework/beans/factory/AwareCustomizer> (0x00000000877a20b8) 
thrown [t:\workspace\open\src\hotspot\share\classfile\systemDictionary.cpp, line 256]
Event: 2052.537 Thread 0x000001d87a9dc260 Exception <a 'java/lang/ClassNotFoundException'{0x00000000877a78f8}: org/springframework/security/config/annotation/web/WebSecurityConfigurerCustomizer> (0x00000000877a78f8) 
thrown [t:\workspace\open\src\hotspot\share\classfile\systemDictionary.cpp, line 256]
Event: 2052.538 Thread 0x000001d87a9dc260 Exception <a 'java/lang/ClassNotFoundException'{0x00000000877ad0d8}: org/springframework/security/config/annotation/SecurityConfigurerCustomizer> (0x00000000877ad0d8) 
thrown [t:\workspace\open\src\hotspot\share\classfile\systemDictionary.cpp, line 256]
Event: 2080.672 Thread 0x000001d87da55580 Exception <a 'java/lang/InterruptedException'{0x0000000087f57ac0}: sleep interrupted> (0x0000000087f57ac0) 
thrown [t:\workspace\open\src\hotspot\share\prims\jvm.cpp, line 3305]

Events (20 events):
Event: 2080.666 Executing  VM operation: ThreadDump done
Event: 2080.667 Thread 0x000001d87da58aa0 Thread exited: 0x000001d87da58aa0
Event: 2080.668 Thread 0x000001d87da56ac0 Thread exited: 0x000001d87da56ac0
Event: 2080.668 Thread 0x000001d87da535a0 Thread exited: 0x000001d87da535a0
Event: 2080.668 Thread 0x000001d87da59a90 Thread exited: 0x000001d87da59a90
Event: 2080.669 Thread 0x000001d87da56570 Thread exited: 0x000001d87da56570
Event: 2080.670 Thread 0x000001d87da54590 Thread exited: 0x000001d87da54590
Event: 2080.670 Thread 0x000001d87da525b0 Thread exited: 0x000001d87da525b0
Event: 2080.670 Thread 0x000001d87da57010 Thread exited: 0x000001d87da57010
Event: 2080.670 Thread 0x000001d87da54ae0 Thread exited: 0x000001d87da54ae0
Event: 2080.670 Thread 0x000001d87da53050 Thread exited: 0x000001d87da53050
Event: 2080.671 Thread 0x000001d87da52b00 Thread exited: 0x000001d87da52b00
Event: 2080.671 Thread 0x000001d87da55ad0 Thread exited: 0x000001d87da55ad0
Event: 2080.672 Thread 0x000001d87da55580 Thread exited: 0x000001d87da55580
Event: 2080.673 Thread 0x000001d87a9dcd00 Thread exited: 0x000001d87a9dcd00
Event: 2080.681 Thread 0x000001d87da55030 Thread exited: 0x000001d87da55030
Event: 2080.900 Thread 0x000001d87da58aa0 Thread added: 0x000001d87da58aa0
Event: 2080.900 Thread 0x000001d87a9dbd10 Thread exited: 0x000001d87a9dbd10
Event: 2080.904 Thread 0x000001d87da58aa0 Thread exited: 0x000001d87da58aa0
Event: 2080.905 Executing  VM operation: G1CollectFull


Dynamic libraries:
0x00007ff64baf0000 - 0x00007ff64bb00000 	C:\Program Files\Java\jdk-16.0.1\bin\javaw.exe
0x00007fff72fd0000 - 0x00007fff731c5000 	C:\WINDOWS\SYSTEM32\ntdll.dll
0x00007fff71f70000 - 0x00007fff7202d000 	C:\WINDOWS\System32\KERNEL32.DLL
0x00007fff709c0000 - 0x00007fff70c88000 	C:\WINDOWS\System32\KERNELBASE.dll
0x00007fff707b0000 - 0x00007fff708b0000 	C:\WINDOWS\System32\ucrtbase.dll
0x00007fff672c0000 - 0x00007fff672d8000 	C:\Program Files\Java\jdk-16.0.1\bin\jli.dll
0x00007fff716c0000 - 0x00007fff7176c000 	C:\WINDOWS\System32\ADVAPI32.dll
0x00007fff71030000 - 0x00007fff710ce000 	C:\WINDOWS\System32\msvcrt.dll
0x00007fff72d40000 - 0x00007fff72ddb000 	C:\WINDOWS\System32\sechost.dll
0x00007fff72c00000 - 0x00007fff72d2b000 	C:\WINDOWS\System32\RPCRT4.dll
0x00007fff71b30000 - 0x00007fff71cd0000 	C:\WINDOWS\System32\USER32.dll
0x00007fff70c90000 - 0x00007fff70cb2000 	C:\WINDOWS\System32\win32u.dll
0x00007fff71690000 - 0x00007fff716ba000 	C:\WINDOWS\System32\GDI32.dll
0x00007fff708b0000 - 0x00007fff709bb000 	C:\WINDOWS\System32\gdi32full.dll
0x00007fff70710000 - 0x00007fff707ad000 	C:\WINDOWS\System32\msvcp_win.dll
0x00007fff65bd0000 - 0x00007fff65be9000 	C:\Program Files\Java\jdk-16.0.1\bin\VCRUNTIME140.dll
0x00007fff54160000 - 0x00007fff543fa000 	C:\WINDOWS\WinSxS\amd64_microsoft.windows.common-controls_6595b64144ccf1df_6.0.19041.844_none_ca00b6081b84eb1d\COMCTL32.dll
0x00007fff69d90000 - 0x00007fff69d9a000 	C:\WINDOWS\SYSTEM32\VERSION.dll
0x00007fff71cd0000 - 0x00007fff71d00000 	C:\WINDOWS\System32\IMM32.DLL
0x00007fff69a50000 - 0x00007fff69a5c000 	C:\Program Files\Java\jdk-16.0.1\bin\vcruntime140_1.dll
0x00007fff4a990000 - 0x00007fff4aa21000 	C:\Program Files\Java\jdk-16.0.1\bin\msvcp140.dll
0x00007fff23d90000 - 0x00007fff2493b000 	C:\Program Files\Java\jdk-16.0.1\bin\server\jvm.dll
0x00007fff72030000 - 0x00007fff72038000 	C:\WINDOWS\System32\PSAPI.DLL
0x00007fff65b60000 - 0x00007fff65b69000 	C:\WINDOWS\SYSTEM32\WSOCK32.dll
0x00007fff6ac50000 - 0x00007fff6ac77000 	C:\WINDOWS\SYSTEM32\WINMM.dll
0x00007fff710d0000 - 0x00007fff7113b000 	C:\WINDOWS\System32\WS2_32.dll
0x00007fff6eec0000 - 0x00007fff6eed2000 	C:\WINDOWS\SYSTEM32\kernel.appcore.dll
0x00007fff672b0000 - 0x00007fff672ba000 	C:\Program Files\Java\jdk-16.0.1\bin\jimage.dll
0x00007fff688f0000 - 0x00007fff68ad4000 	C:\WINDOWS\SYSTEM32\DBGHELP.DLL
0x00007fff68860000 - 0x00007fff6888c000 	C:\WINDOWS\SYSTEM32\dbgcore.DLL
0x00007fff70f60000 - 0x00007fff70fe0000 	C:\WINDOWS\System32\bcryptPrimitives.dll
0x00007fff59b10000 - 0x00007fff59b4b000 	C:\Program Files\Java\jdk-16.0.1\bin\jdwp.dll
0x00007fff659d0000 - 0x00007fff659de000 	C:\Program Files\Java\jdk-16.0.1\bin\instrument.dll
0x00007fff65960000 - 0x00007fff65985000 	C:\Program Files\Java\jdk-16.0.1\bin\java.dll
0x00007fff72490000 - 0x00007fff72bd2000 	C:\WINDOWS\System32\SHELL32.dll
0x00007fff6dcc0000 - 0x00007fff6e451000 	C:\WINDOWS\SYSTEM32\windows.storage.dll
0x00007fff720d0000 - 0x00007fff72425000 	C:\WINDOWS\System32\combase.dll
0x00007fff700b0000 - 0x00007fff700dc000 	C:\WINDOWS\SYSTEM32\Wldp.dll
0x00007fff71770000 - 0x00007fff7181e000 	C:\WINDOWS\System32\SHCORE.dll
0x00007fff71a70000 - 0x00007fff71ac5000 	C:\WINDOWS\System32\shlwapi.dll
0x00007fff70650000 - 0x00007fff7066f000 	C:\WINDOWS\SYSTEM32\profapi.dll
0x00007fff62540000 - 0x00007fff6254c000 	C:\Program Files\Java\jdk-16.0.1\bin\dt_socket.dll
0x00007fff6fb50000 - 0x00007fff6fb8b000 	C:\WINDOWS\SYSTEM32\IPHLPAPI.DLL
0x00007fff6fe90000 - 0x00007fff6fefa000 	C:\WINDOWS\system32\mswsock.dll
0x00007fff6fb90000 - 0x00007fff6fc5c000 	C:\WINDOWS\SYSTEM32\DNSAPI.dll
0x00007fff72d30000 - 0x00007fff72d38000 	C:\WINDOWS\System32\NSI.dll
0x00007fff65940000 - 0x00007fff6594a000 	C:\Windows\System32\rasadhlp.dll
0x00007fff65eb0000 - 0x00007fff65f2f000 	C:\WINDOWS\System32\fwpuclnt.dll
0x00007fff70d20000 - 0x00007fff70d47000 	C:\WINDOWS\System32\bcrypt.dll
0x00007fff5af20000 - 0x00007fff5af38000 	C:\Program Files\Java\jdk-16.0.1\bin\zip.dll
0x00007fff4e9a0000 - 0x00007fff4e9b9000 	C:\Program Files\Java\jdk-16.0.1\bin\net.dll
0x00007fff6f760000 - 0x00007fff6f86b000 	C:\WINDOWS\SYSTEM32\WINHTTP.dll
0x00007fff4daf0000 - 0x00007fff4db03000 	C:\Program Files\Java\jdk-16.0.1\bin\nio.dll
0x00007fff62480000 - 0x00007fff62489000 	C:\Program Files\Java\jdk-16.0.1\bin\management.dll
0x00007fff62000000 - 0x00007fff6200b000 	C:\Program Files\Java\jdk-16.0.1\bin\management_ext.dll
0x00007fff66ab0000 - 0x00007fff66ac7000 	C:\WINDOWS\system32\napinsp.dll
0x00007fff69c20000 - 0x00007fff69c3b000 	C:\WINDOWS\system32\pnrpnsp.dll
0x00007fff4cec0000 - 0x00007fff4ced5000 	C:\WINDOWS\system32\wshbth.dll
0x00007fff69780000 - 0x00007fff6979d000 	C:\WINDOWS\system32\NLAapi.dll
0x00007fff69c40000 - 0x00007fff69c52000 	C:\WINDOWS\System32\winrnr.dll
0x00007fff700f0000 - 0x00007fff70108000 	C:\WINDOWS\SYSTEM32\CRYPTSP.dll
0x00007fff6f6d0000 - 0x00007fff6f704000 	C:\WINDOWS\system32\rsaenh.dll
0x00007fff70610000 - 0x00007fff7063e000 	C:\WINDOWS\SYSTEM32\USERENV.dll
0x00007fff70010000 - 0x00007fff7001c000 	C:\WINDOWS\SYSTEM32\CRYPTBASE.dll
0x00007fff69dd0000 - 0x00007fff69de7000 	C:\WINDOWS\SYSTEM32\dhcpcsvc6.DLL
0x00007fff68890000 - 0x00007fff688ad000 	C:\WINDOWS\SYSTEM32\dhcpcsvc.DLL
0x00007fff61ed0000 - 0x00007fff61ee0000 	C:\Program Files\Java\jdk-16.0.1\bin\verify.dll
0x00007fff5b2e0000 - 0x00007fff5b2ee000 	C:\Program Files\Java\jdk-16.0.1\bin\sunmscapi.dll
0x00007fff70d50000 - 0x00007fff70eaf000 	C:\WINDOWS\System32\CRYPT32.dll
0x00007fff701f0000 - 0x00007fff70217000 	C:\WINDOWS\SYSTEM32\ncrypt.dll
0x00007fff701b0000 - 0x00007fff701eb000 	C:\WINDOWS\SYSTEM32\NTASN1.dll
0x00007fff5a7c0000 - 0x00007fff5a7c7000 	C:\WINDOWS\system32\wshunix.dll

dbghelp: loaded successfully - version: 4.0.5 - missing functions: none
symbol engine: initialized successfully - sym options: 0x614 - pdb path: .;C:\Program Files\Java\jdk-16.0.1\bin;C:\WINDOWS\SYSTEM32;C:\WINDOWS\WinSxS\amd64_microsoft.windows.common-controls_6595b64144ccf1df_6.0.19041.844_none_ca00b6081b84eb1d;C:\Program Files\Java\jdk-16.0.1\bin\server

VM Arguments:
jvm_args: -XX:+ShowCodeDetailsInExceptionMessages -agentlib:jdwp=transport=dt_socket,suspend=y,address=localhost:49764 -Dcom.sun.management.jmxremote -Dcom.sun.management.jmxremote.port=49763 -Dcom.sun.management.jmxremote.authenticate=false -Dcom.sun.management.jmxremote.ssl=false -Djava.rmi.server.hostname=localhost -Dspring.jmx.enabled=true -Dspring.application.admin.enabled=true -XX:TieredStopAtLevel=1 -Dspring.boot.project.name=GroceryLoginMS -javaagent:C:\Users\AnuragJha\Downloads\Softwares\sts-4.10.0.RELEASE\configuration\org.eclipse.osgi\254\0\.cp\lib\javaagent-shaded.jar -Dfile.encoding=UTF-8 
java_command: com.my.spring.SpringIamApplication --spring.output.ansi.enabled=always
java_class_path (initial): C:\Users\AnuragJha\Downloads\SpringIAM\SpringIAM\target\classes;C:\Users\AnuragJha\.m2\repository\org\springframework\boot\spring-boot-starter-actuator\2.4.5\spring-boot-starter-actuator-2.4.5.jar;C:\Users\AnuragJha\.m2\repository\org\springframework\boot\spring-boot-starter\2.4.5\spring-boot-starter-2.4.5.jar;C:\Users\AnuragJha\.m2\repository\org\springframework\boot\spring-boot-starter-logging\2.4.5\spring-boot-starter-logging-2.4.5.jar;C:\Users\AnuragJha\.m2\repository\ch\qos\logback\logback-classic\1.2.3\logback-classic-1.2.3.jar;C:\Users\AnuragJha\.m2\repository\ch\qos\logback\logback-core\1.2.3\logback-core-1.2.3.jar;C:\Users\AnuragJha\.m2\repository\org\apache\logging\log4j\log4j-to-slf4j\2.13.3\log4j-to-slf4j-2.13.3.jar;C:\Users\AnuragJha\.m2\repository\org\apache\logging\log4j\log4j-api\2.13.3\log4j-api-2.13.3.jar;C:\Users\AnuragJha\.m2\repository\org\slf4j\jul-to-slf4j\1.7.30\jul-to-slf4j-1.7.30.jar;C:\Users\AnuragJha\.m2\repository\jakarta\annotation\jakarta.annotation-api\1.3.5\jakarta.annotation-api-1.3.5.jar;C:\Users\AnuragJha\.m2\repository\org\yaml\snakeyaml\1.27\snakeyaml-1.27.jar;C:\Users\AnuragJha\.m2\repository\org\springframework\boot\spring-boot-actuator-autoconfigure\2.4.5\spring-boot-actuator-autoconfigure-2.4.5.jar;C:\Users\AnuragJha\.m2\repository\org\springframework\boot\spring-boot-actuator\2.4.5\spring-boot-actuator-2.4.5.jar;C:\Users\AnuragJha\.m2\repository\com\fasterxml\jackson\core\jackson-databind\2.11.4\jackson-databind-2.11.4.jar;C:\Users\AnuragJha\.m2\repository\com\fasterxml\jackson\core\jackson-annotations\2.11.4\jackson-annotations-2.11.4.jar;C:\Users\AnuragJha\.m2\repository\com\fasterxml\jackson\datatype\jackson-datatype-jsr310\2.11.4\jackson-datatype-jsr310-2.11.4.jar;C:\Users\AnuragJha\.m2\repository\io\micrometer\micrometer-core\1.6.6\micrometer-core-1.6.6.jar;C:\Users\AnuragJha\.m2\repository\org\hdrhistogram\HdrHistogram\2.1.12\HdrHistogram-2.1.12.jar;C:\Users\AnuragJha\.m2\repository\org\la
Launcher Type: SUN_STANDARD

[Global flags]
     intx CICompilerCount                          = 3                                         {product} {ergonomic}
     uint ConcGCThreads                            = 1                                         {product} {ergonomic}
     uint G1ConcRefinementThreads                  = 4                                         {product} {ergonomic}
   size_t G1HeapRegionSize                         = 1048576                                   {product} {ergonomic}
    uintx GCDrainStackTargetSize                   = 64                                        {product} {ergonomic}
   size_t InitialHeapSize                          = 132120576                                 {product} {ergonomic}
     bool ManagementServer                         = true                                      {product} {command line}
   size_t MarkStackSize                            = 4194304                                   {product} {ergonomic}
   size_t MaxHeapSize                              = 2109734912                                {product} {ergonomic}
   size_t MaxNewSize                               = 1265631232                                {product} {ergonomic}
   size_t MinHeapDeltaBytes                        = 1048576                                   {product} {ergonomic}
   size_t MinHeapSize                              = 8388608                                   {product} {ergonomic}
    uintx NonNMethodCodeHeapSize                   = 6973028                                {pd product} {ergonomic}
    uintx NonProfiledCodeHeapSize                  = 244685212                              {pd product} {ergonomic}
    uintx ProfiledCodeHeapSize                     = 0                                      {pd product} {ergonomic}
    uintx ReservedCodeCacheSize                    = 251658240                              {pd product} {ergonomic}
     bool SegmentedCodeCache                       = true                                      {product} {ergonomic}
     bool ShowCodeDetailsInExceptionMessages       = true                                   {manageable} {command line}
   size_t SoftMaxHeapSize                          = 2109734912                             {manageable} {ergonomic}
     intx TieredStopAtLevel                        = 1                                         {product} {command line}
     bool UseCompressedClassPointers               = true                           {product lp64_product} {ergonomic}
     bool UseCompressedOops                        = true                           {product lp64_product} {ergonomic}
     bool UseG1GC                                  = true                                      {product} {ergonomic}
     bool UseLargePagesIndividualAllocation        = false                                  {pd product} {ergonomic}

Logging:
Log output configuration:
 #0: stdout all=warning uptime,level,tags
 #1: stderr all=off uptime,level,tags

Environment Variables:
JAVA_HOME=C:\Program Files\Java\jdk-16.0.1
PATH=C:/Users/AnuragJha/Downloads/Softwares/sts-4.10.0.RELEASE//plugins/org.eclipse.justj.openjdk.hotspot.jre.full.win32.x86_64_15.0.2.v20210201-0955/jre/bin/server;C:/Users/AnuragJha/Downloads/Softwares/sts-4.10.0.RELEASE//plugins/org.eclipse.justj.openjdk.hotspot.jre.full.win32.x86_64_15.0.2.v20210201-0955/jre/bin;C:\Program Files\Java\jdk-16.0.1\bin;C:\WINDOWS\system32;C:\WINDOWS;C:\WINDOWS\System32\Wbem;C:\WINDOWS\System32\WindowsPowerShell\v1.0\;C:\WINDOWS\System32\OpenSSH\;C:\Program Files\nodejs\;C:\Program Files\Docker\Docker\resources\bin;C:\ProgramData\DockerDesktop\version-bin;C:\Program Files\Amazon\AWSCLIV2\;C:\Program Files\helm\windows-amd64;C:\Users\AnuragJha\AppData\Local\Microsoft\WindowsApps;C:\Users\AnuragJha\AppData\Roaming\npm;C:\Users\AnuragJha\AppData\Local\Programs\Microsoft VS Code\bin;C:\Program Files\IBM\Cloud\bin;C:\Users\AnuragJha\Downloads\Softwares\sts-4.10.0.RELEASE;
USERNAME=0015R7744
OS=Windows_NT
PROCESSOR_IDENTIFIER=Intel64 Family 6 Model 78 Stepping 3, GenuineIntel



---------------  S Y S T E M  ---------------

OS:
 Windows 10 , 64 bit Build 19041 (10.0.19041.928)
OS uptime: 1 days 12:22 hours
Hyper-V role detected

CPU: total 4 (initial active 4) (2 cores per cpu, 2 threads per core) family 6 model 78 stepping 3 microcode 0xd6, cx8, cmov, fxsr, ht, mmx, 3dnowpref, sse, sse2, sse3, ssse3, sse4.1, sse4.2, popcnt, lzcnt, tsc, tscinvbit, avx, avx2, aes, erms, clmul, bmi1, bmi2, rtm, adx, fma, vzeroupper, clflush, clflushopt, hv

Memory: 4k page, system-wide physical 8047M (530M free)
TotalPageFile size 14038M (AvailPageFile size 2666M)
current process WorkingSet (physical memory assigned to process): 300M, peak: 324M
current process commit charge ("private bytes"): 353M, peak: 457M

vm_info: Java HotSpot(TM) 64-Bit Server VM (16.0.1+9-24) for windows-amd64 JRE (16.0.1+9-24), built on Mar 26 2021 19:31:42 by "mach5one" with MS VC++ 16.7 (VS2019)

END.
